
======================================================================
ALNS Solver for VRP-RPD
======================================================================

Loading instance...
  TSP: datasets/kroA100/kroA100.tsp
  Jobs: datasets/kroA100/1R10/job_times_1.csv
  WARNING: Depot mismatch (TSP: 100, Jobs: 0). Using jobs file depot: 0

Problem:
  Customers: 99
  Agents: 6
  Capacity: 4
  Depot: 0
  Interleaving: enabled

Loading warm-start from: results/heuristics_only/kroA100/1R10/job_times_1_heuristics.json
  Heuristic: Max Regret
  Makespan: 146633.00

ALNS Configuration:
  Max iterations: 20000
  Max time: 300s
  No-improve limit: 500
  Destroy range: 10.0% - 30.0%
  Temperature: 100.0 (cooling: 0.999)
  Parallel workers: 4
  Cross-vehicle pickups: True

======================================================================
Running ALNS...
======================================================================

============================================================
ALNS for VRP-RPD
============================================================
Customers: 99, Vehicles: 6, Capacity: 4
Parallel workers: 4
Numba JIT: True
Allow cross-vehicle: True
Using warm-start from provided chromosome
  W1 done: makespan=147749.00, cross=82, t=142.4s
  W3 done: makespan=147749.00, cross=82, t=145.7s
  W0 done: makespan=147749.00, cross=82, t=143.1s
  W2 done: makespan=147749.00, cross=82, t=139.9s

------------------------------------------------------------
ALNS Final: 147749.00
Cross-vehicle: 82
Time: 145.8s
============================================================


Solution saved to: results/alns_ws/kroA100/1R10/job_times_1_alns.json
HTML Gantt chart saved to: results/alns_ws/kroA100/1R10/job_times_1_alns.html
Gantt chart saved to: results/alns_ws/kroA100/1R10/job_times_1_alns.html

======================================================================
ALNS COMPLETE
======================================================================
Warm-start makespan:  146633.00 (Max Regret)
ALNS makespan:        147749.00
Improvement:          -1116.00 (-0.76%)
Solve time:           145.78s
Cross-vehicle:        82
======================================================================

