
======================================================================
ALNS Solver for VRP-RPD
======================================================================

Loading instance...
  TSP: datasets/kroA100/kroA100.tsp
  Jobs: datasets/kroA100/1R10/job_times_2.csv
  WARNING: Depot mismatch (TSP: 100, Jobs: 0). Using jobs file depot: 0

Problem:
  Customers: 99
  Agents: 6
  Capacity: 4
  Depot: 0
  Interleaving: enabled

Loading warm-start from: results/heuristics_only/kroA100/1R10/job_times_2_heuristics.json
  Heuristic: Greedy Defer 5.0x
  Makespan: 192337.00

ALNS Configuration:
  Max iterations: 20000
  Max time: 300s
  No-improve limit: 500
  Destroy range: 10.0% - 30.0%
  Temperature: 100.0 (cooling: 0.999)
  Parallel workers: 4
  Cross-vehicle pickups: True

======================================================================
Running ALNS...
======================================================================

============================================================
ALNS for VRP-RPD
============================================================
Customers: 99, Vehicles: 6, Capacity: 4
Parallel workers: 4
Numba JIT: True
Allow cross-vehicle: True
Using warm-start from provided chromosome
  W3 iter 36: best=182456.00, cross=13, t=7.4s
  W3 iter 360: best=181892.00, cross=13, t=76.9s
  W3 done: makespan=181892.00, cross=13, t=181.4s
  W0 iter 38: best=182928.00, cross=13, t=8.3s
  W0 iter 303: best=182286.00, cross=13, t=63.6s
  W0 iter 475: best=180393.00, cross=11, t=99.8s
  W0 done: makespan=180393.00, cross=11, t=206.5s
  W1 iter 1: best=187083.00, cross=13, t=0.3s
  W1 iter 41: best=187036.00, cross=12, t=9.5s
  W1 iter 521: best=183807.00, cross=12, t=111.0s
  W1 done: makespan=183807.00, cross=12, t=218.6s
  W2 iter 12: best=184878.00, cross=15, t=2.9s
  W2 iter 283: best=184584.00, cross=15, t=57.9s
  W2 iter 427: best=184018.00, cross=14, t=86.7s
  W2 done: makespan=184018.00, cross=14, t=280.7s

------------------------------------------------------------
ALNS Final: 180393.00
Cross-vehicle: 11
Time: 280.8s
============================================================


Solution saved to: results/alns_ws/kroA100/1R10/job_times_2_alns.json
HTML Gantt chart saved to: results/alns_ws/kroA100/1R10/job_times_2_alns.html
Gantt chart saved to: results/alns_ws/kroA100/1R10/job_times_2_alns.html

======================================================================
ALNS COMPLETE
======================================================================
Warm-start makespan:  192337.00 (Greedy Defer 5.0x)
ALNS makespan:        180393.00
Improvement:          11944.00 (6.21%)
Solve time:           280.77s
Cross-vehicle:        11
======================================================================

