
======================================================================
ALNS Solver for VRP-RPD
======================================================================

Loading instance...
  TSP: datasets/gr24/gr24.tsp
  Jobs: datasets/gr24/5x/job_times.csv
  WARNING: Depot mismatch (TSP: 24, Jobs: 0). Using jobs file depot: 0

Problem:
  Customers: 23
  Agents: 3
  Capacity: 5
  Depot: 0
  Interleaving: enabled

Loading warm-start from: results/heuristics_only/gr24/5x/gr24_heuristics.json
  Heuristic: Greedy Defer 5.0x
  Makespan: 5709.00

ALNS Configuration:
  Max iterations: 20000
  Max time: 300s
  No-improve limit: 500
  Destroy range: 10.0% - 30.0%
  Temperature: 100.0 (cooling: 0.999)
  Parallel workers: 4
  Cross-vehicle pickups: True

======================================================================
Running ALNS...
======================================================================

============================================================
ALNS for VRP-RPD
============================================================
Customers: 23, Vehicles: 3, Capacity: 5
Parallel workers: 4
Numba JIT: True
Allow cross-vehicle: True
Using warm-start from provided chromosome
  W1 done: makespan=5709.00, cross=3, t=2.5s
  W0 iter 426: best=5697.00, cross=2, t=2.2s
  W0 done: makespan=5697.00, cross=2, t=4.7s
  W2 iter 386: best=5697.00, cross=2, t=2.0s
  W2 done: makespan=5697.00, cross=2, t=4.6s
  W3 iter 107: best=5694.00, cross=1, t=0.5s
  W3 iter 523: best=5689.00, cross=1, t=2.7s
  W3 done: makespan=5689.00, cross=1, t=5.2s

------------------------------------------------------------
ALNS Final: 5689.00
Cross-vehicle: 1
Time: 5.3s
============================================================


Solution saved to: results/alns_ws/gr24/5x/gr24_alns.json
HTML Gantt chart saved to: results/alns_ws/gr24/5x/gr24_alns.html
Gantt chart saved to: results/alns_ws/gr24/5x/gr24_alns.html

======================================================================
ALNS COMPLETE
======================================================================
Warm-start makespan:  5709.00 (Greedy Defer 5.0x)
ALNS makespan:        5689.00
Improvement:          20.00 (0.35%)
Solve time:           5.30s
Cross-vehicle:        1
======================================================================

