
======================================================================
ALNS Solver for VRP-RPD
======================================================================

Loading instance...
  TSP: datasets/eil51/eil51.tsp
  Jobs: datasets/eil51/base/job_times.csv
  WARNING: Depot mismatch (TSP: 51, Jobs: 0). Using jobs file depot: 0

Problem:
  Customers: 50
  Agents: 6
  Capacity: 4
  Depot: 0
  Interleaving: enabled

Loading warm-start from: results/heuristics_only/eil51/base/eil51_heuristics.json
  Heuristic: Greedy Defer 5.0x
  Makespan: 420.00

ALNS Configuration:
  Max iterations: 20000
  Max time: 300s
  No-improve limit: 500
  Destroy range: 10.0% - 30.0%
  Temperature: 100.0 (cooling: 0.999)
  Parallel workers: 4
  Cross-vehicle pickups: True

======================================================================
Running ALNS...
======================================================================

============================================================
ALNS for VRP-RPD
============================================================
Customers: 50, Vehicles: 6, Capacity: 4
Parallel workers: 4
Numba JIT: True
Allow cross-vehicle: True
Using warm-start from provided chromosome
  W2 done: makespan=420.00, cross=12, t=147.1s
  W1 done: makespan=420.00, cross=12, t=182.6s
  W3 done: makespan=420.00, cross=12, t=213.1s
  W0 done: makespan=420.00, cross=12, t=241.5s

------------------------------------------------------------
ALNS Final: 420.00
Cross-vehicle: 12
Time: 241.6s
============================================================


Solution saved to: results/alns_ws/eil51/base/eil51_alns.json
HTML Gantt chart saved to: results/alns_ws/eil51/base/eil51_alns.html
Gantt chart saved to: results/alns_ws/eil51/base/eil51_alns.html

======================================================================
ALNS COMPLETE
======================================================================
Warm-start makespan:  420.00 (Greedy Defer 5.0x)
ALNS makespan:        420.00
Improvement:          0.00 (0.00%)
Solve time:           241.57s
Cross-vehicle:        12
======================================================================

