
======================================================================
ALNS Solver for VRP-RPD
======================================================================

Loading instance...
  TSP: datasets/gr24/gr24.tsp
  Jobs: datasets/gr24/2x/job_times.csv
  WARNING: Depot mismatch (TSP: 24, Jobs: 0). Using jobs file depot: 0

Problem:
  Customers: 23
  Agents: 3
  Capacity: 5
  Depot: 0
  Interleaving: enabled

Loading warm-start from: results/heuristics_only/gr24/2x/gr24_heuristics.json
  Heuristic: Greedy Defer 5.0x
  Makespan: 2823.00

ALNS Configuration:
  Max iterations: 20000
  Max time: 300s
  No-improve limit: 500
  Destroy range: 10.0% - 30.0%
  Temperature: 100.0 (cooling: 0.999)
  Parallel workers: 4
  Cross-vehicle pickups: True

======================================================================
Running ALNS...
======================================================================

============================================================
ALNS for VRP-RPD
============================================================
Customers: 23, Vehicles: 3, Capacity: 5
Parallel workers: 4
Numba JIT: True
Allow cross-vehicle: True
Using warm-start from provided chromosome
  W3 done: makespan=2823.00, cross=3, t=2.5s
  W2 done: makespan=2823.00, cross=3, t=8.4s
  W1 done: makespan=2823.00, cross=3, t=4.1s
  W0 done: makespan=2823.00, cross=3, t=17.1s

------------------------------------------------------------
ALNS Final: 2823.00
Cross-vehicle: 3
Time: 17.2s
============================================================


Solution saved to: results/alns_ws/gr24/2x/gr24_alns.json
HTML Gantt chart saved to: results/alns_ws/gr24/2x/gr24_alns.html
Gantt chart saved to: results/alns_ws/gr24/2x/gr24_alns.html

======================================================================
ALNS COMPLETE
======================================================================
Warm-start makespan:  2823.00 (Greedy Defer 5.0x)
ALNS makespan:        2823.00
Improvement:          0.00 (0.00%)
Solve time:           17.20s
Cross-vehicle:        3
======================================================================

