
======================================================================
ALNS Solver for VRP-RPD
======================================================================

Loading instance...
  TSP: datasets/gr24/gr24.tsp
  Jobs: datasets/gr24/1R10/job_times_1.csv
  WARNING: Depot mismatch (TSP: 24, Jobs: 0). Using jobs file depot: 0

Problem:
  Customers: 23
  Agents: 3
  Capacity: 5
  Depot: 0
  Interleaving: enabled

Loading warm-start from: results/heuristics_only/gr24/1R10/job_times_1_heuristics.json
  Heuristic: Greedy Defer 5.0x
  Makespan: 4429.00

ALNS Configuration:
  Max iterations: 20000
  Max time: 300s
  No-improve limit: 500
  Destroy range: 10.0% - 30.0%
  Temperature: 100.0 (cooling: 0.999)
  Parallel workers: 4
  Cross-vehicle pickups: True

======================================================================
Running ALNS...
======================================================================

============================================================
ALNS for VRP-RPD
============================================================
Customers: 23, Vehicles: 3, Capacity: 5
Parallel workers: 4
Numba JIT: True
Allow cross-vehicle: True
Using warm-start from provided chromosome
  W1 done: makespan=4429.00, cross=10, t=2.9s
  W0 done: makespan=4429.00, cross=10, t=2.9s
  W3 iter 38: best=4405.00, cross=11, t=0.2s
  W3 iter 210: best=4394.00, cross=11, t=1.1s
  W3 iter 592: best=4250.00, cross=10, t=3.2s
  W3 done: makespan=4250.00, cross=10, t=5.8s
  W2 done: makespan=4429.00, cross=10, t=2.7s

------------------------------------------------------------
ALNS Final: 4250.00
Cross-vehicle: 10
Time: 5.9s
============================================================


Solution saved to: results/alns_ws/gr24/1R10/job_times_1_alns.json
HTML Gantt chart saved to: results/alns_ws/gr24/1R10/job_times_1_alns.html
Gantt chart saved to: results/alns_ws/gr24/1R10/job_times_1_alns.html

======================================================================
ALNS COMPLETE
======================================================================
Warm-start makespan:  4429.00 (Greedy Defer 5.0x)
ALNS makespan:        4250.00
Improvement:          179.00 (4.04%)
Solve time:           5.89s
Cross-vehicle:        10
======================================================================

