
======================================================================
ALNS Solver for VRP-RPD
======================================================================

Loading instance...
  TSP: datasets/gr24/gr24.tsp
  Jobs: datasets/gr24/1R10/job_times_2.csv
  WARNING: Depot mismatch (TSP: 24, Jobs: 0). Using jobs file depot: 0

Problem:
  Customers: 23
  Agents: 3
  Capacity: 5
  Depot: 0
  Interleaving: enabled

Loading warm-start from: results/heuristics_only/gr24/1R10/job_times_2_heuristics.json
  Heuristic: Greedy Defer 5.0x
  Makespan: 7361.00

ALNS Configuration:
  Max iterations: 20000
  Max time: 300s
  No-improve limit: 500
  Destroy range: 10.0% - 30.0%
  Temperature: 100.0 (cooling: 0.999)
  Parallel workers: 4
  Cross-vehicle pickups: True

======================================================================
Running ALNS...
======================================================================

============================================================
ALNS for VRP-RPD
============================================================
Customers: 23, Vehicles: 3, Capacity: 5
Parallel workers: 4
Numba JIT: True
Allow cross-vehicle: True
Using warm-start from provided chromosome
  W3 iter 16: best=7292.00, cross=10, t=0.1s
  W3 iter 25: best=7273.00, cross=9, t=0.1s
  W3 iter 40: best=7224.00, cross=9, t=0.2s
  W3 done: makespan=7224.00, cross=9, t=2.6s
  W1 iter 30: best=7201.00, cross=10, t=0.1s
  W1 iter 76: best=7182.00, cross=10, t=0.4s
  W1 done: makespan=7182.00, cross=10, t=2.7s
  W2 iter 197: best=7284.00, cross=9, t=1.0s
  W2 iter 249: best=7129.00, cross=7, t=1.2s
  W2 iter 293: best=7094.00, cross=7, t=1.4s
  W2 iter 508: best=7055.00, cross=7, t=2.5s
  W2 done: makespan=7055.00, cross=7, t=4.9s
  W0 iter 45: best=7292.00, cross=11, t=0.2s
  W0 done: makespan=7292.00, cross=11, t=2.9s

------------------------------------------------------------
ALNS Final: 7055.00
Cross-vehicle: 7
Time: 4.9s
============================================================


Solution saved to: results/alns_ws/gr24/1R10/job_times_2_alns.json
HTML Gantt chart saved to: results/alns_ws/gr24/1R10/job_times_2_alns.html
Gantt chart saved to: results/alns_ws/gr24/1R10/job_times_2_alns.html

======================================================================
ALNS COMPLETE
======================================================================
Warm-start makespan:  7361.00 (Greedy Defer 5.0x)
ALNS makespan:        7055.00
Improvement:          306.00 (4.16%)
Solve time:           4.91s
Cross-vehicle:        7
======================================================================

