
======================================================================
ALNS Solver for VRP-RPD
======================================================================

Loading instance...
  TSP: datasets/gr431/gr431.tsp
  Jobs: datasets/gr431/base/job_times.csv
  WARNING: Depot mismatch (TSP: 431, Jobs: 0). Using jobs file depot: 0

Problem:
  Customers: 430
  Agents: 6
  Capacity: 4
  Depot: 0
  Interleaving: enabled

Loading warm-start from: results/heuristics_only/gr431/base/gr431_heuristics.json
  Heuristic: Greedy Defer 5.0x
  Makespan: 769903.00

ALNS Configuration:
  Max iterations: 20000
  Max time: 300s
  No-improve limit: 500
  Destroy range: 10.0% - 30.0%
  Temperature: 100.0 (cooling: 0.999)
  Parallel workers: 4
  Cross-vehicle pickups: True

======================================================================
Running ALNS...
======================================================================

============================================================
ALNS for VRP-RPD
============================================================
Customers: 430, Vehicles: 6, Capacity: 4
Parallel workers: 4
Numba JIT: True
Allow cross-vehicle: True
Using warm-start from provided chromosome
  W0 done: makespan=769903.00, cross=17, t=304.3s
  W3 done: makespan=769903.00, cross=17, t=301.9s
  W1 done: makespan=769903.00, cross=17, t=305.0s
  W2 iter 30: best=767792.00, cross=13, t=288.9s
  W2 done: makespan=767792.00, cross=13, t=313.0s

------------------------------------------------------------
ALNS Final: 767792.00
Cross-vehicle: 13
Time: 313.1s
============================================================


Solution saved to: results/alns_ws/gr431/base/gr431_alns.json
HTML Gantt chart saved to: results/alns_ws/gr431/base/gr431_alns.html
Gantt chart saved to: results/alns_ws/gr431/base/gr431_alns.html

======================================================================
ALNS COMPLETE
======================================================================
Warm-start makespan:  769903.00 (Greedy Defer 5.0x)
ALNS makespan:        767792.00
Improvement:          2111.00 (0.27%)
Solve time:           313.13s
Cross-vehicle:        13
======================================================================

