
======================================================================
ALNS Solver for VRP-RPD
======================================================================

Loading instance...
  TSP: datasets/eil101/eil101.tsp
  Jobs: datasets/eil101/1R10/job_times_2.csv
  WARNING: Depot mismatch (TSP: 101, Jobs: 0). Using jobs file depot: 0

Problem:
  Customers: 100
  Agents: 6
  Capacity: 4
  Depot: 0
  Interleaving: enabled

Loading warm-start from: results/heuristics_only/eil101/1R10/job_times_2_heuristics.json
  Heuristic: Greedy Defer 5.0x
  Makespan: 4649.00

ALNS Configuration:
  Max iterations: 20000
  Max time: 300s
  No-improve limit: 500
  Destroy range: 10.0% - 30.0%
  Temperature: 100.0 (cooling: 0.999)
  Parallel workers: 4
  Cross-vehicle pickups: True

======================================================================
Running ALNS...
======================================================================

============================================================
ALNS for VRP-RPD
============================================================
Customers: 100, Vehicles: 6, Capacity: 4
Parallel workers: 4
Numba JIT: True
Allow cross-vehicle: True
Using warm-start from provided chromosome
  W2 iter 0: best=4614.00, cross=10, t=0.1s
  W2 iter 18: best=4533.00, cross=7, t=3.6s
  W2 done: makespan=4533.00, cross=7, t=300.0s
  W0 iter 26: best=4538.00, cross=7, t=4.7s
  W0 iter 195: best=4481.00, cross=9, t=35.1s
  W0 done: makespan=4481.00, cross=9, t=300.1s
  W3 done: makespan=4649.00, cross=10, t=300.1s
  W1 done: makespan=4649.00, cross=10, t=300.1s

------------------------------------------------------------
ALNS Final: 4481.00
Cross-vehicle: 9
Time: 300.2s
============================================================


Solution saved to: results/alns_ws/eil101/1R10/job_times_2_alns.json
HTML Gantt chart saved to: results/alns_ws/eil101/1R10/job_times_2_alns.html
Gantt chart saved to: results/alns_ws/eil101/1R10/job_times_2_alns.html

======================================================================
ALNS COMPLETE
======================================================================
Warm-start makespan:  4649.00 (Greedy Defer 5.0x)
ALNS makespan:        4481.00
Improvement:          168.00 (3.61%)
Solve time:           300.22s
Cross-vehicle:        9
======================================================================

