
======================================================================
ALNS Solver for VRP-RPD
======================================================================

Loading instance...
  TSP: datasets/eil101/eil101.tsp
  Jobs: datasets/eil101/1R10/job_times_1.csv
  WARNING: Depot mismatch (TSP: 101, Jobs: 0). Using jobs file depot: 0

Problem:
  Customers: 100
  Agents: 6
  Capacity: 4
  Depot: 0
  Interleaving: enabled

Loading warm-start from: results/heuristics_only/eil101/1R10/job_times_1_heuristics.json
  Heuristic: Greedy Defer 5.0x
  Makespan: 4285.00

ALNS Configuration:
  Max iterations: 20000
  Max time: 300s
  No-improve limit: 500
  Destroy range: 10.0% - 30.0%
  Temperature: 100.0 (cooling: 0.999)
  Parallel workers: 4
  Cross-vehicle pickups: True

======================================================================
Running ALNS...
======================================================================

============================================================
ALNS for VRP-RPD
============================================================
Customers: 100, Vehicles: 6, Capacity: 4
Parallel workers: 4
Numba JIT: True
Allow cross-vehicle: True
Using warm-start from provided chromosome
  W0 iter 1158: best=4279.00, cross=13, t=192.9s
  W0 iter 1448: best=4261.00, cross=12, t=239.8s
  W0 iter 1546: best=4203.00, cross=8, t=254.7s
  W0 iter 1761: best=4107.00, cross=8, t=288.4s
  W0 done: makespan=4107.00, cross=8, t=300.0s
  W2 done: makespan=4285.00, cross=18, t=300.2s
  W3 iter 52: best=4283.00, cross=14, t=8.3s
  W3 iter 153: best=4244.00, cross=13, t=25.1s
  W3 done: makespan=4244.00, cross=13, t=300.1s
  W1 done: makespan=4285.00, cross=18, t=300.1s

------------------------------------------------------------
ALNS Final: 4107.00
Cross-vehicle: 8
Time: 300.3s
============================================================


Solution saved to: results/alns_ws/eil101/1R10/job_times_1_alns.json
HTML Gantt chart saved to: results/alns_ws/eil101/1R10/job_times_1_alns.html
Gantt chart saved to: results/alns_ws/eil101/1R10/job_times_1_alns.html

======================================================================
ALNS COMPLETE
======================================================================
Warm-start makespan:  4285.00 (Greedy Defer 5.0x)
ALNS makespan:        4107.00
Improvement:          178.00 (4.15%)
Solve time:           300.27s
Cross-vehicle:        8
======================================================================

