
======================================================================
ALNS Solver for VRP-RPD
======================================================================

Loading instance...
  TSP: datasets/berlin52/berlin52.tsp
  Jobs: datasets/berlin52/base/job_times.csv
  WARNING: Depot mismatch (TSP: 52, Jobs: 0). Using jobs file depot: 0

Problem:
  Customers: 51
  Agents: 6
  Capacity: 4
  Depot: 0
  Interleaving: enabled

Loading warm-start from: results/heuristics_only/berlin52/base/berlin52_heuristics.json
  Heuristic: Greedy Defer 5.0x
  Makespan: 9076.00

ALNS Configuration:
  Max iterations: 20000
  Max time: 300s
  No-improve limit: 500
  Destroy range: 10.0% - 30.0%
  Temperature: 100.0 (cooling: 0.999)
  Parallel workers: 4
  Cross-vehicle pickups: True

======================================================================
Running ALNS...
======================================================================

============================================================
ALNS for VRP-RPD
============================================================
Customers: 51, Vehicles: 6, Capacity: 4
Parallel workers: 4
Numba JIT: True
Allow cross-vehicle: True
Using warm-start from provided chromosome
  W2 iter 11: best=9033.00, cross=10, t=0.3s
  W2 iter 304: best=8989.00, cross=7, t=8.3s
  W2 done: makespan=8989.00, cross=7, t=21.9s
  W3 iter 97: best=8877.00, cross=8, t=2.7s
  W3 done: makespan=8877.00, cross=8, t=22.8s
  W0 iter 309: best=9019.00, cross=8, t=8.8s
  W0 done: makespan=9019.00, cross=8, t=22.7s
  W1 iter 89: best=9074.00, cross=10, t=2.6s
  W1 done: makespan=9074.00, cross=10, t=41.0s

------------------------------------------------------------
ALNS Final: 8877.00
Cross-vehicle: 8
Time: 41.1s
============================================================


Solution saved to: results/alns_ws/berlin52/base/berlin52_alns.json
HTML Gantt chart saved to: results/alns_ws/berlin52/base/berlin52_alns.html
Gantt chart saved to: results/alns_ws/berlin52/base/berlin52_alns.html

======================================================================
ALNS COMPLETE
======================================================================
Warm-start makespan:  9076.00 (Greedy Defer 5.0x)
ALNS makespan:        8877.00
Improvement:          199.00 (2.19%)
Solve time:           41.10s
Cross-vehicle:        8
======================================================================

