
======================================================================
ALNS Solver for VRP-RPD
======================================================================

Loading instance...
  TSP: datasets/eil101/eil101.tsp
  Jobs: datasets/eil101/1R20/job_times_1.csv
  WARNING: Depot mismatch (TSP: 101, Jobs: 0). Using jobs file depot: 0

Problem:
  Customers: 100
  Agents: 6
  Capacity: 4
  Depot: 0
  Interleaving: enabled

Loading warm-start from: results/heuristics_only/eil101/1R20/job_times_1_heuristics.json
  Heuristic: Greedy Defer 5.0x
  Makespan: 7779.00

ALNS Configuration:
  Max iterations: 20000
  Max time: 300s
  No-improve limit: 500
  Destroy range: 10.0% - 30.0%
  Temperature: 100.0 (cooling: 0.999)
  Parallel workers: 4
  Cross-vehicle pickups: True

======================================================================
Running ALNS...
======================================================================

============================================================
ALNS for VRP-RPD
============================================================
Customers: 100, Vehicles: 6, Capacity: 4
Parallel workers: 4
Numba JIT: True
Allow cross-vehicle: True
Using warm-start from provided chromosome
  W1 done: makespan=7779.00, cross=14, t=147.1s
  W2 iter 27: best=7717.00, cross=12, t=5.1s
  W2 iter 74: best=7699.00, cross=11, t=13.9s
  W2 iter 270: best=7660.00, cross=10, t=48.2s
  W2 done: makespan=7660.00, cross=10, t=139.6s
  W3 iter 16: best=7501.00, cross=13, t=3.2s
  W3 iter 297: best=7424.00, cross=11, t=54.2s
  W3 done: makespan=7424.00, cross=11, t=147.8s
  W0 done: makespan=7779.00, cross=14, t=154.1s

------------------------------------------------------------
ALNS Final: 7424.00
Cross-vehicle: 11
Time: 154.2s
============================================================


Solution saved to: results/alns_ws/eil101/1R20/job_times_1_alns.json
HTML Gantt chart saved to: results/alns_ws/eil101/1R20/job_times_1_alns.html
Gantt chart saved to: results/alns_ws/eil101/1R20/job_times_1_alns.html

======================================================================
ALNS COMPLETE
======================================================================
Warm-start makespan:  7779.00 (Greedy Defer 5.0x)
ALNS makespan:        7424.00
Improvement:          355.00 (4.56%)
Solve time:           154.15s
Cross-vehicle:        11
======================================================================

