
======================================================================
ALNS Solver for VRP-RPD
======================================================================

Loading instance...
  TSP: datasets/gr431/gr431.tsp
  Jobs: datasets/gr431/2x/job_times.csv
  WARNING: Depot mismatch (TSP: 431, Jobs: 0). Using jobs file depot: 0

Problem:
  Customers: 430
  Agents: 6
  Capacity: 4
  Depot: 0
  Interleaving: enabled

Loading warm-start from: results/heuristics_only/gr431/2x/gr431_heuristics.json
  Heuristic: Savings
  Makespan: 1307665.00

ALNS Configuration:
  Max iterations: 20000
  Max time: 300s
  No-improve limit: 500
  Destroy range: 10.0% - 30.0%
  Temperature: 100.0 (cooling: 0.999)
  Parallel workers: 4
  Cross-vehicle pickups: True

======================================================================
Running ALNS...
======================================================================

============================================================
ALNS for VRP-RPD
============================================================
Customers: 430, Vehicles: 6, Capacity: 4
Parallel workers: 4
Numba JIT: True
Allow cross-vehicle: True
Using warm-start from provided chromosome
  W2 done: makespan=1307665.00, cross=0, t=306.7s
  W0 done: makespan=1307665.00, cross=0, t=300.9s
  W1 done: makespan=1307665.00, cross=0, t=302.3s
  W3 done: makespan=1307665.00, cross=0, t=306.8s

------------------------------------------------------------
ALNS Final: 1307665.00
Cross-vehicle: 0
Time: 306.9s
============================================================


Solution saved to: results/alns_ws/gr431/2x/gr431_alns.json
HTML Gantt chart saved to: results/alns_ws/gr431/2x/gr431_alns.html
Gantt chart saved to: results/alns_ws/gr431/2x/gr431_alns.html

======================================================================
ALNS COMPLETE
======================================================================
Warm-start makespan:  1307665.00 (Savings)
ALNS makespan:        1307665.00
Improvement:          0.00 (0.00%)
Solve time:           306.93s
Cross-vehicle:        0
======================================================================

