
======================================================================
ALNS Solver for VRP-RPD
======================================================================

Loading instance...
  TSP: datasets/berlin52/berlin52.tsp
  Jobs: datasets/berlin52/1R20/job_times_2.csv
  WARNING: Depot mismatch (TSP: 52, Jobs: 0). Using jobs file depot: 0

Problem:
  Customers: 51
  Agents: 6
  Capacity: 4
  Depot: 0
  Interleaving: enabled

Loading warm-start from: results/heuristics_only/berlin52/1R20/job_times_2_heuristics.json
  Heuristic: Max Regret
  Makespan: 48289.00

ALNS Configuration:
  Max iterations: 20000
  Max time: 300s
  No-improve limit: 500
  Destroy range: 10.0% - 30.0%
  Temperature: 100.0 (cooling: 0.999)
  Parallel workers: 4
  Cross-vehicle pickups: True

======================================================================
Running ALNS...
======================================================================

============================================================
ALNS for VRP-RPD
============================================================
Customers: 51, Vehicles: 6, Capacity: 4
Parallel workers: 4
Numba JIT: True
Allow cross-vehicle: True
Using warm-start from provided chromosome
  W1 iter 265: best=48122.00, cross=36, t=14.9s
  W1 done: makespan=48122.00, cross=36, t=42.0s
  W2 iter 102: best=47708.00, cross=39, t=5.8s
  W2 done: makespan=47708.00, cross=39, t=34.0s
  W3 iter 51: best=43333.00, cross=35, t=3.0s
  W3 iter 180: best=42610.00, cross=32, t=9.5s
  W3 done: makespan=42610.00, cross=32, t=32.8s
  W0 iter 30: best=44897.00, cross=37, t=1.8s
  W0 done: makespan=44897.00, cross=37, t=27.8s

------------------------------------------------------------
ALNS Final: 42610.00
Cross-vehicle: 32
Time: 42.1s
============================================================


Solution saved to: results/alns_ws/berlin52/1R20/job_times_2_alns.json
HTML Gantt chart saved to: results/alns_ws/berlin52/1R20/job_times_2_alns.html
Gantt chart saved to: results/alns_ws/berlin52/1R20/job_times_2_alns.html

======================================================================
ALNS COMPLETE
======================================================================
Warm-start makespan:  48289.00 (Max Regret)
ALNS makespan:        42610.00
Improvement:          5679.00 (11.76%)
Solve time:           42.12s
Cross-vehicle:        32
======================================================================

