
======================================================================
ALNS Solver for VRP-RPD
======================================================================

Loading instance...
  TSP: datasets/eil51/eil51.tsp
  Jobs: datasets/eil51/1R10/job_times_2.csv
  WARNING: Depot mismatch (TSP: 51, Jobs: 0). Using jobs file depot: 0

Problem:
  Customers: 50
  Agents: 6
  Capacity: 4
  Depot: 0
  Interleaving: enabled

Loading warm-start from: results/heuristics_only/eil51/1R10/job_times_2_heuristics.json
  Heuristic: Greedy Defer 5.0x
  Makespan: 1776.00

ALNS Configuration:
  Max iterations: 20000
  Max time: 300s
  No-improve limit: 500
  Destroy range: 10.0% - 30.0%
  Temperature: 100.0 (cooling: 0.999)
  Parallel workers: 4
  Cross-vehicle pickups: True

======================================================================
Running ALNS...
======================================================================

============================================================
ALNS for VRP-RPD
============================================================
Customers: 50, Vehicles: 6, Capacity: 4
Parallel workers: 4
Numba JIT: True
Allow cross-vehicle: True
Using warm-start from provided chromosome
  W0 iter 6: best=1767.00, cross=12, t=0.2s
  W0 done: makespan=1767.00, cross=12, t=106.9s
  W1 iter 2: best=1770.00, cross=11, t=0.1s
  W1 done: makespan=1770.00, cross=11, t=155.1s
  W3 done: makespan=1776.00, cross=13, t=94.7s
  W2 iter 10: best=1767.00, cross=10, t=0.3s
  W2 done: makespan=1767.00, cross=10, t=177.0s

------------------------------------------------------------
ALNS Final: 1767.00
Cross-vehicle: 12
Time: 177.1s
============================================================


Solution saved to: results/alns_ws/eil51/1R10/job_times_2_alns.json
HTML Gantt chart saved to: results/alns_ws/eil51/1R10/job_times_2_alns.html
Gantt chart saved to: results/alns_ws/eil51/1R10/job_times_2_alns.html

======================================================================
ALNS COMPLETE
======================================================================
Warm-start makespan:  1776.00 (Greedy Defer 5.0x)
ALNS makespan:        1767.00
Improvement:          9.00 (0.51%)
Solve time:           177.09s
Cross-vehicle:        12
======================================================================

