
======================================================================
ALNS Solver for VRP-RPD
======================================================================

Loading instance...
  TSP: datasets/eil51/eil51.tsp
  Jobs: datasets/eil51/1R10/job_times_1.csv
  WARNING: Depot mismatch (TSP: 51, Jobs: 0). Using jobs file depot: 0

Problem:
  Customers: 50
  Agents: 6
  Capacity: 4
  Depot: 0
  Interleaving: enabled

Loading warm-start from: results/heuristics_only/eil51/1R10/job_times_1_heuristics.json
  Heuristic: Greedy Defer 5.0x
  Makespan: 1584.00

ALNS Configuration:
  Max iterations: 20000
  Max time: 300s
  No-improve limit: 500
  Destroy range: 10.0% - 30.0%
  Temperature: 100.0 (cooling: 0.999)
  Parallel workers: 4
  Cross-vehicle pickups: True

======================================================================
Running ALNS...
======================================================================

============================================================
ALNS for VRP-RPD
============================================================
Customers: 50, Vehicles: 6, Capacity: 4
Parallel workers: 4
Numba JIT: True
Allow cross-vehicle: True
Using warm-start from provided chromosome
  W3 iter 34: best=1577.00, cross=12, t=1.0s
  W3 done: makespan=1577.00, cross=12, t=168.2s
  W0 done: makespan=1584.00, cross=14, t=221.4s
  W2 done: makespan=1584.00, cross=14, t=117.5s
  W1 done: makespan=1584.00, cross=14, t=182.3s

------------------------------------------------------------
ALNS Final: 1577.00
Cross-vehicle: 12
Time: 221.5s
============================================================


Solution saved to: results/alns_ws/eil51/1R10/job_times_1_alns.json
HTML Gantt chart saved to: results/alns_ws/eil51/1R10/job_times_1_alns.html
Gantt chart saved to: results/alns_ws/eil51/1R10/job_times_1_alns.html

======================================================================
ALNS COMPLETE
======================================================================
Warm-start makespan:  1584.00 (Greedy Defer 5.0x)
ALNS makespan:        1577.00
Improvement:          7.00 (0.44%)
Solve time:           221.48s
Cross-vehicle:        12
======================================================================

