
======================================================================
ALNS Solver for VRP-RPD
======================================================================

Loading instance...
  TSP: datasets/gr24/gr24.tsp
  Jobs: datasets/gr24/1R20/job_times_1.csv
  WARNING: Depot mismatch (TSP: 24, Jobs: 0). Using jobs file depot: 0

Problem:
  Customers: 23
  Agents: 3
  Capacity: 5
  Depot: 0
  Interleaving: enabled

Loading warm-start from: results/heuristics_only/gr24/1R20/job_times_1_heuristics.json
  Heuristic: Max Regret
  Makespan: 14865.00

ALNS Configuration:
  Max iterations: 20000
  Max time: 300s
  No-improve limit: 500
  Destroy range: 10.0% - 30.0%
  Temperature: 100.0 (cooling: 0.999)
  Parallel workers: 4
  Cross-vehicle pickups: True

======================================================================
Running ALNS...
======================================================================

============================================================
ALNS for VRP-RPD
============================================================
Customers: 23, Vehicles: 3, Capacity: 5
Parallel workers: 4
Numba JIT: True
Allow cross-vehicle: True
Using warm-start from provided chromosome
  W1 iter 0: best=18922.00, cross=15, t=0.0s
  W1 iter 1: best=16039.00, cross=13, t=0.0s
  W1 iter 3: best=15272.00, cross=11, t=0.0s
  W1 iter 4: best=14837.00, cross=10, t=0.0s
  W1 iter 7: best=13234.00, cross=9, t=0.1s
  W1 iter 10: best=13180.00, cross=8, t=0.1s
  W1 iter 49: best=13008.00, cross=8, t=0.4s
  W1 iter 520: best=13000.00, cross=9, t=3.7s
  W1 done: makespan=13000.00, cross=9, t=7.2s
  W0 iter 1: best=18234.00, cross=13, t=0.0s
  W0 iter 2: best=17894.00, cross=11, t=0.0s
  W0 iter 5: best=17575.00, cross=11, t=0.1s
  W0 iter 7: best=15381.00, cross=10, t=0.1s
  W0 iter 13: best=15270.00, cross=10, t=0.1s
  W0 iter 19: best=15173.00, cross=10, t=0.1s
  W0 iter 32: best=15119.00, cross=10, t=0.2s
  W0 iter 93: best=14888.00, cross=9, t=0.6s
  W0 iter 95: best=14550.00, cross=9, t=0.6s
  W0 iter 117: best=14065.00, cross=6, t=0.8s
  W0 iter 125: best=13757.00, cross=6, t=0.9s
  W0 iter 149: best=13702.00, cross=4, t=1.0s
  W0 iter 182: best=12791.00, cross=4, t=1.2s
  W0 iter 314: best=12178.00, cross=6, t=1.9s
  W0 iter 326: best=12177.00, cross=6, t=2.0s
  W0 iter 358: best=12159.00, cross=6, t=2.2s
  W0 done: makespan=12159.00, cross=6, t=5.0s
  W3 iter 4: best=16554.00, cross=12, t=0.1s
  W3 iter 21: best=16338.00, cross=12, t=0.2s
  W3 iter 23: best=14976.00, cross=11, t=0.2s
  W3 iter 36: best=14745.00, cross=11, t=0.3s
  W3 iter 44: best=14485.00, cross=11, t=0.3s
  W3 iter 50: best=14321.00, cross=10, t=0.4s
  W3 iter 79: best=13299.00, cross=8, t=0.5s
  W3 iter 159: best=13254.00, cross=9, t=1.1s
  W3 iter 162: best=12684.00, cross=9, t=1.2s
  W3 iter 163: best=12116.00, cross=10, t=1.2s
  W3 iter 209: best=11988.00, cross=8, t=1.4s
  W3 done: makespan=11988.00, cross=8, t=4.9s
  W2 iter 0: best=18315.00, cross=15, t=0.0s
  W2 iter 1: best=17747.00, cross=12, t=0.0s
  W2 iter 4: best=15699.00, cross=12, t=0.0s
  W2 iter 10: best=14487.00, cross=11, t=0.1s
  W2 iter 15: best=14086.00, cross=9, t=0.1s
  W2 iter 56: best=13707.00, cross=8, t=0.4s
  W2 iter 60: best=13444.00, cross=8, t=0.4s
  W2 iter 187: best=13226.00, cross=7, t=1.2s
  W2 iter 362: best=13128.00, cross=7, t=2.3s
  W2 iter 434: best=13028.00, cross=7, t=2.8s
  W2 iter 461: best=12813.00, cross=6, t=3.0s
  W2 iter 1136: best=12798.00, cross=6, t=7.2s
  W2 iter 1287: best=12747.00, cross=6, t=8.2s
  W2 iter 1298: best=12555.00, cross=7, t=8.2s
  W2 iter 1304: best=12552.00, cross=7, t=8.3s
  W2 done: makespan=12552.00, cross=7, t=11.4s

------------------------------------------------------------
ALNS Final: 11988.00
Cross-vehicle: 8
Time: 11.4s
============================================================


Solution saved to: results/alns_ws/gr24/1R20/job_times_1_alns.json
HTML Gantt chart saved to: results/alns_ws/gr24/1R20/job_times_1_alns.html
Gantt chart saved to: results/alns_ws/gr24/1R20/job_times_1_alns.html

======================================================================
ALNS COMPLETE
======================================================================
Warm-start makespan:  14865.00 (Max Regret)
ALNS makespan:        11988.00
Improvement:          2877.00 (19.35%)
Solve time:           11.45s
Cross-vehicle:        8
======================================================================

