
======================================================================
ALNS Solver for VRP-RPD
======================================================================

Loading instance...
  TSP: datasets/bays29/bays29.tsp
  Jobs: datasets/bays29/1R20/job_times_1.csv
  WARNING: Depot mismatch (TSP: 29, Jobs: 0). Using jobs file depot: 0

Problem:
  Customers: 28
  Agents: 6
  Capacity: 4
  Depot: 0
  Interleaving: enabled

Loading warm-start from: results/heuristics_only/bays29/1R20/job_times_1_heuristics.json
  Heuristic: Max Regret
  Makespan: 9461.00

ALNS Configuration:
  Max iterations: 20000
  Max time: 300s
  No-improve limit: 500
  Destroy range: 10.0% - 30.0%
  Temperature: 100.0 (cooling: 0.999)
  Parallel workers: 4
  Cross-vehicle pickups: True

======================================================================
Running ALNS...
======================================================================

============================================================
ALNS for VRP-RPD
============================================================
Customers: 28, Vehicles: 6, Capacity: 4
Parallel workers: 4
Numba JIT: True
Allow cross-vehicle: True
Using warm-start from provided chromosome
  W3 iter 71: best=9322.00, cross=19, t=0.8s
  W3 iter 103: best=9252.00, cross=17, t=1.2s
  W3 iter 131: best=9232.00, cross=18, t=1.5s
  W3 iter 136: best=9190.00, cross=16, t=1.5s
  W3 done: makespan=9190.00, cross=16, t=7.1s
  W0 iter 11: best=9458.00, cross=21, t=0.1s
  W0 iter 384: best=9326.00, cross=17, t=4.1s
  W0 iter 781: best=9180.00, cross=13, t=8.2s
  W0 iter 813: best=9172.00, cross=13, t=8.5s
  W0 done: makespan=9172.00, cross=13, t=13.5s
  W2 iter 5: best=9388.00, cross=22, t=0.1s
  W2 iter 43: best=9367.00, cross=20, t=0.5s
  W2 done: makespan=9367.00, cross=20, t=13.8s
  W1 iter 13: best=9345.00, cross=21, t=0.1s
  W1 iter 110: best=9328.00, cross=18, t=1.2s
  W1 iter 134: best=9322.00, cross=17, t=1.5s
  W1 iter 913: best=9176.00, cross=16, t=8.9s
  W1 done: makespan=9176.00, cross=16, t=14.0s

------------------------------------------------------------
ALNS Final: 9172.00
Cross-vehicle: 13
Time: 14.1s
============================================================


Solution saved to: results/alns_ws/bays29/1R20/job_times_1_alns.json
HTML Gantt chart saved to: results/alns_ws/bays29/1R20/job_times_1_alns.html
Gantt chart saved to: results/alns_ws/bays29/1R20/job_times_1_alns.html

======================================================================
ALNS COMPLETE
======================================================================
Warm-start makespan:  9461.00 (Max Regret)
ALNS makespan:        9172.00
Improvement:          289.00 (3.05%)
Solve time:           14.09s
Cross-vehicle:        13
======================================================================

