
======================================================================
ALNS Solver for VRP-RPD
======================================================================

Loading instance...
  TSP: datasets/gr21/gr21.tsp
  Jobs: datasets/gr21/1R10/job_times_1.csv
  WARNING: Depot mismatch (TSP: 21, Jobs: 0). Using jobs file depot: 0

Problem:
  Customers: 20
  Agents: 3
  Capacity: 5
  Depot: 0
  Interleaving: enabled

Loading warm-start from: results/heuristics_only/gr21/1R10/job_times_1_heuristics.json
  Heuristic: Greedy Defer 5.0x
  Makespan: 7180.00

ALNS Configuration:
  Max iterations: 20000
  Max time: 300s
  No-improve limit: 500
  Destroy range: 10.0% - 30.0%
  Temperature: 100.0 (cooling: 0.999)
  Parallel workers: 4
  Cross-vehicle pickups: True

======================================================================
Running ALNS...
======================================================================

============================================================
ALNS for VRP-RPD
============================================================
Customers: 20, Vehicles: 3, Capacity: 5
Parallel workers: 4
Numba JIT: True
Allow cross-vehicle: True
Using warm-start from provided chromosome
  W1 iter 8: best=7164.00, cross=7, t=0.0s
  W1 done: makespan=7164.00, cross=7, t=2.2s
  W0 iter 7: best=7171.00, cross=8, t=0.0s
  W0 iter 12: best=7169.00, cross=7, t=0.1s
  W0 iter 46: best=7144.00, cross=5, t=0.2s
  W0 done: makespan=7144.00, cross=5, t=2.3s
  W3 iter 41: best=6737.00, cross=7, t=0.2s
  W3 done: makespan=6737.00, cross=7, t=11.9s
  W2 iter 6: best=7171.00, cross=8, t=0.0s
  W2 done: makespan=7171.00, cross=8, t=3.7s

------------------------------------------------------------
ALNS Final: 6737.00
Cross-vehicle: 7
Time: 11.9s
============================================================


Solution saved to: results/alns_ws/gr21/1R10/job_times_1_alns.json
HTML Gantt chart saved to: results/alns_ws/gr21/1R10/job_times_1_alns.html
Gantt chart saved to: results/alns_ws/gr21/1R10/job_times_1_alns.html

======================================================================
ALNS COMPLETE
======================================================================
Warm-start makespan:  7180.00 (Greedy Defer 5.0x)
ALNS makespan:        6737.00
Improvement:          443.00 (6.17%)
Solve time:           11.90s
Cross-vehicle:        7
======================================================================

