
======================================================================
ALNS Solver for VRP-RPD
======================================================================

Loading instance...
  TSP: datasets/kroA100/kroA100.tsp
  Jobs: datasets/kroA100/1R20/job_times_1.csv
  WARNING: Depot mismatch (TSP: 100, Jobs: 0). Using jobs file depot: 0

Problem:
  Customers: 99
  Agents: 6
  Capacity: 4
  Depot: 0
  Interleaving: enabled

Loading warm-start from: results/heuristics_only/kroA100/1R20/job_times_1_heuristics.json
  Heuristic: Greedy Defer 5.0x
  Makespan: 356552.00

ALNS Configuration:
  Max iterations: 20000
  Max time: 300s
  No-improve limit: 500
  Destroy range: 10.0% - 30.0%
  Temperature: 100.0 (cooling: 0.999)
  Parallel workers: 4
  Cross-vehicle pickups: True

======================================================================
Running ALNS...
======================================================================

============================================================
ALNS for VRP-RPD
============================================================
Customers: 99, Vehicles: 6, Capacity: 4
Parallel workers: 4
Numba JIT: True
Allow cross-vehicle: True
Using warm-start from provided chromosome
  W2 iter 21: best=353498.00, cross=12, t=3.7s
  W2 iter 65: best=353394.00, cross=10, t=11.2s
  W2 iter 70: best=351224.00, cross=11, t=12.0s
  W2 done: makespan=351224.00, cross=11, t=99.3s
  W1 iter 10: best=343460.00, cross=11, t=1.7s
  W1 iter 88: best=338702.00, cross=10, t=15.8s
  W1 iter 205: best=338614.00, cross=8, t=36.5s
  W1 iter 227: best=336657.00, cross=7, t=40.5s
  W1 iter 646: best=335925.00, cross=6, t=112.1s
  W1 done: makespan=335925.00, cross=6, t=198.2s
  W3 iter 25: best=341790.00, cross=12, t=4.4s
  W3 iter 43: best=338572.00, cross=12, t=7.5s
  W3 iter 76: best=331437.00, cross=9, t=12.6s
  W3 iter 121: best=324794.00, cross=9, t=20.5s
  W3 done: makespan=324794.00, cross=9, t=108.0s
  W0 iter 2: best=332830.00, cross=12, t=0.6s
  W0 iter 16: best=332319.00, cross=11, t=2.9s
  W0 iter 92: best=328185.00, cross=9, t=16.3s
  W0 iter 96: best=328162.00, cross=9, t=17.1s
  W0 iter 308: best=328130.00, cross=8, t=52.8s
  W0 iter 378: best=327997.00, cross=8, t=64.9s
  W0 iter 864: best=327974.00, cross=8, t=146.7s
  W0 iter 963: best=325365.00, cross=8, t=163.7s
  W0 done: makespan=325365.00, cross=8, t=247.4s

------------------------------------------------------------
ALNS Final: 324794.00
Cross-vehicle: 9
Time: 247.5s
============================================================


Solution saved to: results/alns_ws/kroA100/1R20/job_times_1_alns.json
HTML Gantt chart saved to: results/alns_ws/kroA100/1R20/job_times_1_alns.html
Gantt chart saved to: results/alns_ws/kroA100/1R20/job_times_1_alns.html

======================================================================
ALNS COMPLETE
======================================================================
Warm-start makespan:  356552.00 (Greedy Defer 5.0x)
ALNS makespan:        324794.00
Improvement:          31758.00 (8.91%)
Solve time:           247.50s
Cross-vehicle:        9
======================================================================

