
======================================================================
ALNS Solver for VRP-RPD
======================================================================

Loading instance...
  TSP: datasets/gr17/gr17.tsp
  Jobs: datasets/gr17/1R20/job_times_1.csv
  WARNING: Depot mismatch (TSP: 17, Jobs: 0). Using jobs file depot: 0

Problem:
  Customers: 16
  Agents: 3
  Capacity: 5
  Depot: 0
  Interleaving: enabled

Loading warm-start from: results/heuristics_only/gr17/1R20/job_times_1_heuristics.json
  Heuristic: Max Regret
  Makespan: 19554.00

ALNS Configuration:
  Max iterations: 20000
  Max time: 300s
  No-improve limit: 500
  Destroy range: 10.0% - 30.0%
  Temperature: 100.0 (cooling: 0.999)
  Parallel workers: 4
  Cross-vehicle pickups: True

======================================================================
Running ALNS...
======================================================================

============================================================
ALNS for VRP-RPD
============================================================
Customers: 16, Vehicles: 3, Capacity: 5
Parallel workers: 4
Numba JIT: True
Allow cross-vehicle: True
Using warm-start from provided chromosome
  W3 iter 18: best=17566.00, cross=5, t=0.1s
  W3 iter 26: best=16501.00, cross=4, t=0.1s
  W3 iter 54: best=15775.00, cross=4, t=0.1s
  W3 iter 126: best=15104.00, cross=3, t=0.3s
  W3 done: makespan=15104.00, cross=3, t=1.5s
  W2 iter 2: best=19276.00, cross=8, t=0.0s
  W2 iter 7: best=18919.00, cross=5, t=0.0s
  W2 iter 12: best=18367.00, cross=4, t=0.0s
  W2 iter 36: best=18363.00, cross=3, t=0.1s
  W2 iter 50: best=18310.00, cross=4, t=0.2s
  W2 iter 252: best=18070.00, cross=3, t=0.7s
  W2 iter 442: best=16744.00, cross=3, t=1.2s
  W2 iter 567: best=13434.00, cross=4, t=1.5s
  W2 iter 570: best=13351.00, cross=3, t=1.5s
  W2 done: makespan=13351.00, cross=3, t=3.9s
  W0 iter 19: best=19276.00, cross=7, t=0.1s
  W0 iter 61: best=19261.00, cross=5, t=0.2s
  W0 iter 74: best=18363.00, cross=4, t=0.2s
  W0 iter 76: best=18250.00, cross=4, t=0.2s
  W0 iter 79: best=17848.00, cross=3, t=0.2s
  W0 iter 89: best=17753.00, cross=2, t=0.2s
  W0 iter 91: best=16987.00, cross=1, t=0.2s
  W0 iter 93: best=16439.00, cross=1, t=0.2s
  W0 iter 202: best=16289.00, cross=1, t=0.5s
  W0 iter 213: best=15576.00, cross=1, t=0.5s
  W0 done: makespan=15576.00, cross=1, t=3.9s
  W1 iter 15: best=18938.00, cross=6, t=0.1s
  W1 iter 19: best=17867.00, cross=5, t=0.1s
  W1 iter 44: best=17753.00, cross=4, t=0.1s
  W1 iter 241: best=17725.00, cross=2, t=0.6s
  W1 iter 248: best=17722.00, cross=3, t=0.7s
  W1 iter 250: best=15613.00, cross=3, t=0.7s
  W1 iter 398: best=15549.00, cross=3, t=1.1s
  W1 done: makespan=15549.00, cross=3, t=3.3s

------------------------------------------------------------
ALNS Final: 13351.00
Cross-vehicle: 3
Time: 3.9s
============================================================


Solution saved to: results/alns_ws/gr17/1R20/job_times_1_alns.json
HTML Gantt chart saved to: results/alns_ws/gr17/1R20/job_times_1_alns.html
Gantt chart saved to: results/alns_ws/gr17/1R20/job_times_1_alns.html

======================================================================
ALNS COMPLETE
======================================================================
Warm-start makespan:  19554.00 (Max Regret)
ALNS makespan:        13351.00
Improvement:          6203.00 (31.72%)
Solve time:           3.94s
Cross-vehicle:        3
======================================================================

