
======================================================================
ALNS Solver for VRP-RPD
======================================================================

Loading instance...
  TSP: datasets/gr17/gr17.tsp
  Jobs: datasets/gr17/1R20/job_times_2.csv
  WARNING: Depot mismatch (TSP: 17, Jobs: 0). Using jobs file depot: 0

Problem:
  Customers: 16
  Agents: 3
  Capacity: 5
  Depot: 0
  Interleaving: enabled

Loading warm-start from: results/heuristics_only/gr17/1R20/job_times_2_heuristics.json
  Heuristic: Greedy Defer 5.0x
  Makespan: 9242.00

ALNS Configuration:
  Max iterations: 20000
  Max time: 300s
  No-improve limit: 500
  Destroy range: 10.0% - 30.0%
  Temperature: 100.0 (cooling: 0.999)
  Parallel workers: 4
  Cross-vehicle pickups: True

======================================================================
Running ALNS...
======================================================================

============================================================
ALNS for VRP-RPD
============================================================
Customers: 16, Vehicles: 3, Capacity: 5
Parallel workers: 4
Numba JIT: True
Allow cross-vehicle: True
Using warm-start from provided chromosome
  W1 iter 0: best=9205.00, cross=5, t=0.0s
  W1 iter 1: best=8312.00, cross=5, t=0.0s
  W1 iter 3: best=8157.00, cross=5, t=0.0s
  W1 done: makespan=8157.00, cross=5, t=1.3s
  W0 iter 5: best=9213.00, cross=4, t=0.0s
  W0 iter 7: best=9158.00, cross=4, t=0.0s
  W0 iter 19: best=8523.00, cross=4, t=0.1s
  W0 iter 26: best=8469.00, cross=4, t=0.1s
  W0 iter 34: best=8157.00, cross=5, t=0.1s
  W0 done: makespan=8157.00, cross=5, t=4.4s
  W2 iter 2: best=8607.00, cross=5, t=0.0s
  W2 iter 35: best=8599.00, cross=6, t=0.1s
  W2 done: makespan=8599.00, cross=6, t=4.8s
  W3 iter 4: best=8527.00, cross=5, t=0.0s
  W3 iter 16: best=8474.00, cross=5, t=0.0s
  W3 iter 21: best=8157.00, cross=5, t=0.1s
  W3 done: makespan=8157.00, cross=5, t=1.3s

------------------------------------------------------------
ALNS Final: 8157.00
Cross-vehicle: 5
Time: 4.9s
============================================================


Solution saved to: results/alns_ws/gr17/1R20/job_times_2_alns.json
HTML Gantt chart saved to: results/alns_ws/gr17/1R20/job_times_2_alns.html
Gantt chart saved to: results/alns_ws/gr17/1R20/job_times_2_alns.html

======================================================================
ALNS COMPLETE
======================================================================
Warm-start makespan:  9242.00 (Greedy Defer 5.0x)
ALNS makespan:        8157.00
Improvement:          1085.00 (11.74%)
Solve time:           4.90s
Cross-vehicle:        5
======================================================================

