
======================================================================
ALNS Solver for VRP-RPD
======================================================================

Loading instance...
  TSP: datasets/rat783/rat783.tsp
  Jobs: datasets/rat783/5x/job_times.csv
  WARNING: Depot mismatch (TSP: 783, Jobs: 0). Using jobs file depot: 0

Problem:
  Customers: 782
  Agents: 6
  Capacity: 4
  Depot: 0
  Interleaving: enabled

Loading warm-start from: results/heuristics_only/rat783/5x/rat783_heuristics.json
  Heuristic: Savings
  Makespan: 150034.00

ALNS Configuration:
  Max iterations: 20000
  Max time: 300s
  No-improve limit: 500
  Destroy range: 10.0% - 30.0%
  Temperature: 100.0 (cooling: 0.999)
  Parallel workers: 4
  Cross-vehicle pickups: True

======================================================================
Running ALNS...
======================================================================

============================================================
ALNS for VRP-RPD
============================================================
Customers: 782, Vehicles: 6, Capacity: 4
Parallel workers: 4
Numba JIT: True
Allow cross-vehicle: True
Using warm-start from provided chromosome
  W0 done: makespan=150034.00, cross=0, t=402.4s
  W2 done: makespan=150034.00, cross=0, t=351.5s
  W1 done: makespan=150034.00, cross=0, t=428.5s
  W3 done: makespan=150034.00, cross=0, t=435.2s

------------------------------------------------------------
ALNS Final: 150034.00
Cross-vehicle: 0
Time: 435.3s
============================================================


Solution saved to: results/alns_ws/rat783/5x/rat783_alns.json
HTML Gantt chart saved to: results/alns_ws/rat783/5x/rat783_alns.html
Gantt chart saved to: results/alns_ws/rat783/5x/rat783_alns.html

======================================================================
ALNS COMPLETE
======================================================================
Warm-start makespan:  150034.00 (Savings)
ALNS makespan:        150034.00
Improvement:          0.00 (0.00%)
Solve time:           435.35s
Cross-vehicle:        0
======================================================================

