
======================================================================
ALNS Solver for VRP-RPD
======================================================================

Loading instance...
  TSP: datasets/gr666/gr666.tsp
  Jobs: datasets/gr666/5x/job_times.csv
  WARNING: Depot mismatch (TSP: 666, Jobs: 0). Using jobs file depot: 0

Problem:
  Customers: 665
  Agents: 6
  Capacity: 4
  Depot: 0
  Interleaving: enabled

Loading warm-start from: results/heuristics_only/gr666/5x/gr666_heuristics.json
  Heuristic: Savings
  Makespan: 4938132.00

ALNS Configuration:
  Max iterations: 20000
  Max time: 300s
  No-improve limit: 500
  Destroy range: 10.0% - 30.0%
  Temperature: 100.0 (cooling: 0.999)
  Parallel workers: 4
  Cross-vehicle pickups: True

======================================================================
Running ALNS...
======================================================================

============================================================
ALNS for VRP-RPD
============================================================
Customers: 665, Vehicles: 6, Capacity: 4
Parallel workers: 4
Numba JIT: True
Allow cross-vehicle: True
Using warm-start from provided chromosome
  W1 done: makespan=4938132.00, cross=0, t=302.1s
  W0 done: makespan=4938132.00, cross=0, t=319.2s
  W2 done: makespan=4938132.00, cross=0, t=342.9s
  W3 done: makespan=4938132.00, cross=0, t=350.4s

------------------------------------------------------------
ALNS Final: 4938132.00
Cross-vehicle: 0
Time: 350.6s
============================================================


Solution saved to: results/alns_ws/gr666/5x/gr666_alns.json
HTML Gantt chart saved to: results/alns_ws/gr666/5x/gr666_alns.html
Gantt chart saved to: results/alns_ws/gr666/5x/gr666_alns.html

======================================================================
ALNS COMPLETE
======================================================================
Warm-start makespan:  4938132.00 (Savings)
ALNS makespan:        4938132.00
Improvement:          0.00 (0.00%)
Solve time:           350.58s
Cross-vehicle:        0
======================================================================

