
======================================================================
ALNS Solver for VRP-RPD
======================================================================

Loading instance...
  TSP: datasets/gr48/gr48.tsp
  Jobs: datasets/gr48/1R20/job_times_1.csv
  WARNING: Depot mismatch (TSP: 48, Jobs: 0). Using jobs file depot: 0

Problem:
  Customers: 47
  Agents: 6
  Capacity: 4
  Depot: 0
  Interleaving: enabled

Loading warm-start from: results/heuristics_only/gr48/1R20/job_times_1_heuristics.json
  Heuristic: Max Regret
  Makespan: 35926.00

ALNS Configuration:
  Max iterations: 20000
  Max time: 300s
  No-improve limit: 500
  Destroy range: 10.0% - 30.0%
  Temperature: 100.0 (cooling: 0.999)
  Parallel workers: 4
  Cross-vehicle pickups: True

======================================================================
Running ALNS...
======================================================================

============================================================
ALNS for VRP-RPD
============================================================
Customers: 47, Vehicles: 6, Capacity: 4
Parallel workers: 4
Numba JIT: True
Allow cross-vehicle: True
Using warm-start from provided chromosome
  W2 iter 1: best=35786.00, cross=36, t=0.1s
  W2 iter 25: best=35014.00, cross=31, t=1.3s
  W2 iter 207: best=34792.00, cross=27, t=9.3s
  W2 iter 246: best=34572.00, cross=26, t=10.8s
  W2 done: makespan=34572.00, cross=26, t=32.2s
  W3 iter 28: best=34221.00, cross=37, t=1.3s
  W3 iter 141: best=32741.00, cross=34, t=5.8s
  W3 iter 369: best=32400.00, cross=29, t=15.3s
  W3 iter 416: best=31657.00, cross=28, t=17.1s
  W3 done: makespan=31657.00, cross=28, t=36.7s
  W1 iter 6: best=35365.00, cross=37, t=0.3s
  W1 iter 36: best=34368.00, cross=34, t=1.8s
  W1 iter 468: best=34327.00, cross=30, t=19.9s
  W1 iter 902: best=33470.00, cross=30, t=39.0s
  W1 iter 968: best=32393.00, cross=29, t=41.5s
  W1 done: makespan=32393.00, cross=29, t=61.3s
  W0 iter 8: best=35638.00, cross=37, t=0.4s
  W0 iter 40: best=34637.00, cross=35, t=1.8s
  W0 iter 324: best=34181.00, cross=32, t=15.0s
  W0 iter 415: best=33517.00, cross=30, t=18.9s
  W0 iter 585: best=33104.00, cross=31, t=26.5s
  W0 iter 758: best=33046.00, cross=31, t=34.2s
  W0 iter 1050: best=33020.00, cross=26, t=46.7s
  W0 done: makespan=33020.00, cross=26, t=68.7s

------------------------------------------------------------
ALNS Final: 31657.00
Cross-vehicle: 28
Time: 68.8s
============================================================


Solution saved to: results/alns_ws/gr48/1R20/job_times_1_alns.json
HTML Gantt chart saved to: results/alns_ws/gr48/1R20/job_times_1_alns.html
Gantt chart saved to: results/alns_ws/gr48/1R20/job_times_1_alns.html

======================================================================
ALNS COMPLETE
======================================================================
Warm-start makespan:  35926.00 (Max Regret)
ALNS makespan:        31657.00
Improvement:          4269.00 (11.88%)
Solve time:           68.76s
Cross-vehicle:        28
======================================================================

