
======================================================================
ALNS Solver for VRP-RPD
======================================================================

Loading instance...
  TSP: datasets/rat783/rat783.tsp
  Jobs: datasets/rat783/base/job_times.csv
  WARNING: Depot mismatch (TSP: 783, Jobs: 0). Using jobs file depot: 0

Problem:
  Customers: 782
  Agents: 6
  Capacity: 4
  Depot: 0
  Interleaving: enabled

Loading warm-start from: results/heuristics_only/rat783/base/rat783_heuristics.json
  Heuristic: Greedy Defer 5.0x
  Makespan: 41098.00

ALNS Configuration:
  Max iterations: 20000
  Max time: 300s
  No-improve limit: 500
  Destroy range: 10.0% - 30.0%
  Temperature: 100.0 (cooling: 0.999)
  Parallel workers: 4
  Cross-vehicle pickups: True

======================================================================
Running ALNS...
======================================================================

============================================================
ALNS for VRP-RPD
============================================================
Customers: 782, Vehicles: 6, Capacity: 4
Parallel workers: 4
Numba JIT: True
Allow cross-vehicle: True
Using warm-start from provided chromosome
  W0 done: makespan=41098.00, cross=14, t=333.8s
  W2 done: makespan=41098.00, cross=14, t=322.4s
  W3 done: makespan=41098.00, cross=14, t=327.3s
  W1 done: makespan=41098.00, cross=14, t=359.7s

------------------------------------------------------------
ALNS Final: 41098.00
Cross-vehicle: 14
Time: 359.9s
============================================================


Solution saved to: results/alns_ws/rat783/base/rat783_alns.json
HTML Gantt chart saved to: results/alns_ws/rat783/base/rat783_alns.html
Gantt chart saved to: results/alns_ws/rat783/base/rat783_alns.html

======================================================================
ALNS COMPLETE
======================================================================
Warm-start makespan:  41098.00 (Greedy Defer 5.0x)
ALNS makespan:        41098.00
Improvement:          0.00 (0.00%)
Solve time:           359.90s
Cross-vehicle:        14
======================================================================

