
======================================================================
ALNS Solver for VRP-RPD
======================================================================

Loading instance...
  TSP: datasets/gr202/gr202.tsp
  Jobs: datasets/gr202/base/job_times.csv
  WARNING: Depot mismatch (TSP: 202, Jobs: 0). Using jobs file depot: 0

Problem:
  Customers: 201
  Agents: 6
  Capacity: 4
  Depot: 0
  Interleaving: enabled

Loading warm-start from: results/heuristics_only/gr202/base/gr202_heuristics.json
  Heuristic: Greedy Defer 5.0x
  Makespan: 118892.00

ALNS Configuration:
  Max iterations: 20000
  Max time: 300s
  No-improve limit: 500
  Destroy range: 10.0% - 30.0%
  Temperature: 100.0 (cooling: 0.999)
  Parallel workers: 4
  Cross-vehicle pickups: True

======================================================================
Running ALNS...
======================================================================

============================================================
ALNS for VRP-RPD
============================================================
Customers: 201, Vehicles: 6, Capacity: 4
Parallel workers: 4
Numba JIT: True
Allow cross-vehicle: True
Using warm-start from provided chromosome
  W3 done: makespan=118892.00, cross=11, t=300.7s
  W1 iter 162: best=118692.00, cross=10, t=174.2s
  W1 iter 198: best=118475.00, cross=9, t=213.5s
  W1 iter 240: best=118327.00, cross=9, t=259.8s
  W1 done: makespan=118327.00, cross=9, t=301.1s
  W0 iter 199: best=118575.00, cross=8, t=208.8s
  W0 done: makespan=118575.00, cross=8, t=301.2s
  W2 iter 36: best=118553.00, cross=11, t=37.3s
  W2 iter 124: best=118511.00, cross=9, t=131.8s
  W2 done: makespan=118511.00, cross=9, t=300.8s

------------------------------------------------------------
ALNS Final: 118327.00
Cross-vehicle: 9
Time: 301.3s
============================================================


Solution saved to: results/alns_ws/gr202/base/gr202_alns.json
HTML Gantt chart saved to: results/alns_ws/gr202/base/gr202_alns.html
Gantt chart saved to: results/alns_ws/gr202/base/gr202_alns.html

======================================================================
ALNS COMPLETE
======================================================================
Warm-start makespan:  118892.00 (Greedy Defer 5.0x)
ALNS makespan:        118327.00
Improvement:          565.00 (0.48%)
Solve time:           301.26s
Cross-vehicle:        9
======================================================================

