
======================================================================
ALNS Solver for VRP-RPD
======================================================================

Loading instance...
  TSP: datasets/gr24/gr24.tsp
  Jobs: datasets/gr24/base/job_times.csv
  WARNING: Depot mismatch (TSP: 24, Jobs: 0). Using jobs file depot: 0

Problem:
  Customers: 23
  Agents: 3
  Capacity: 5
  Depot: 0
  Interleaving: enabled

Loading warm-start from: results/heuristics_only/gr24/base/gr24_heuristics.json
  Heuristic: Greedy Defer 5.0x
  Makespan: 2283.00

ALNS Configuration:
  Max iterations: 20000
  Max time: 300s
  No-improve limit: 500
  Destroy range: 10.0% - 30.0%
  Temperature: 100.0 (cooling: 0.999)
  Parallel workers: 4
  Cross-vehicle pickups: True

======================================================================
Running ALNS...
======================================================================

============================================================
ALNS for VRP-RPD
============================================================
Customers: 23, Vehicles: 3, Capacity: 5
Parallel workers: 4
Numba JIT: True
Allow cross-vehicle: True
Using warm-start from provided chromosome
  W0 iter 2: best=2159.00, cross=8, t=0.0s
  W0 iter 20: best=2152.00, cross=6, t=0.1s
  W0 done: makespan=2152.00, cross=6, t=23.8s
  W3 iter 0: best=2102.00, cross=6, t=0.0s
  W3 done: makespan=2102.00, cross=6, t=7.4s
  W1 iter 1: best=2116.00, cross=8, t=0.0s
  W1 done: makespan=2116.00, cross=8, t=10.6s
  W2 iter 4: best=2100.00, cross=6, t=0.0s
  W2 done: makespan=2100.00, cross=6, t=11.9s

------------------------------------------------------------
ALNS Final: 2100.00
Cross-vehicle: 6
Time: 23.8s
============================================================


Solution saved to: results/alns_ws/gr24/base/gr24_alns.json
HTML Gantt chart saved to: results/alns_ws/gr24/base/gr24_alns.html
Gantt chart saved to: results/alns_ws/gr24/base/gr24_alns.html

======================================================================
ALNS COMPLETE
======================================================================
Warm-start makespan:  2283.00 (Greedy Defer 5.0x)
ALNS makespan:        2100.00
Improvement:          183.00 (8.02%)
Solve time:           23.83s
Cross-vehicle:        6
======================================================================

