
======================================================================
ALNS Solver for VRP-RPD
======================================================================

Loading instance...
  TSP: datasets/gr17/gr17.tsp
  Jobs: datasets/gr17/1R10/job_times_2.csv
  WARNING: Depot mismatch (TSP: 17, Jobs: 0). Using jobs file depot: 0

Problem:
  Customers: 16
  Agents: 3
  Capacity: 5
  Depot: 0
  Interleaving: enabled

Loading warm-start from: results/heuristics_only/gr17/1R10/job_times_2_heuristics.json
  Heuristic: Greedy Defer 5.0x
  Makespan: 9981.00

ALNS Configuration:
  Max iterations: 20000
  Max time: 300s
  No-improve limit: 500
  Destroy range: 10.0% - 30.0%
  Temperature: 100.0 (cooling: 0.999)
  Parallel workers: 4
  Cross-vehicle pickups: True

======================================================================
Running ALNS...
======================================================================

============================================================
ALNS for VRP-RPD
============================================================
Customers: 16, Vehicles: 3, Capacity: 5
Parallel workers: 4
Numba JIT: True
Allow cross-vehicle: True
Using warm-start from provided chromosome
  W2 iter 0: best=7892.00, cross=4, t=0.0s
  W2 done: makespan=7892.00, cross=4, t=1.1s
  W1 iter 0: best=9944.00, cross=4, t=0.0s
  W1 iter 1: best=7965.00, cross=4, t=0.0s
  W1 iter 19: best=7957.00, cross=3, t=0.0s
  W1 done: makespan=7957.00, cross=3, t=1.2s
  W0 iter 0: best=9898.00, cross=4, t=0.0s
  W0 iter 2: best=9800.00, cross=3, t=0.0s
  W0 iter 5: best=9681.00, cross=2, t=0.0s
  W0 iter 7: best=9650.00, cross=2, t=0.0s
  W0 iter 41: best=9334.00, cross=2, t=0.1s
  W0 iter 258: best=9321.00, cross=2, t=0.5s
  W0 iter 387: best=9293.00, cross=1, t=0.8s
  W0 iter 765: best=8792.00, cross=1, t=1.6s
  W0 iter 835: best=8637.00, cross=1, t=1.8s
  W0 done: makespan=8637.00, cross=1, t=4.9s
  W3 iter 3: best=9577.00, cross=4, t=0.0s
  W3 iter 33: best=9449.00, cross=4, t=0.1s
  W3 iter 50: best=8785.00, cross=5, t=0.1s
  W3 iter 55: best=8572.00, cross=4, t=0.1s
  W3 iter 66: best=7835.00, cross=3, t=0.1s
  W3 done: makespan=7835.00, cross=3, t=1.4s

------------------------------------------------------------
ALNS Final: 7835.00
Cross-vehicle: 3
Time: 5.0s
============================================================


Solution saved to: results/alns_ws/gr17/1R10/job_times_2_alns.json
HTML Gantt chart saved to: results/alns_ws/gr17/1R10/job_times_2_alns.html
Gantt chart saved to: results/alns_ws/gr17/1R10/job_times_2_alns.html

======================================================================
ALNS COMPLETE
======================================================================
Warm-start makespan:  9981.00 (Greedy Defer 5.0x)
ALNS makespan:        7835.00
Improvement:          2146.00 (21.50%)
Solve time:           4.98s
Cross-vehicle:        3
======================================================================

