
======================================================================
ALNS Solver for VRP-RPD
======================================================================

Loading instance...
  TSP: datasets/gr17/gr17.tsp
  Jobs: datasets/gr17/5x/job_times.csv
  WARNING: Depot mismatch (TSP: 17, Jobs: 0). Using jobs file depot: 0

Problem:
  Customers: 16
  Agents: 3
  Capacity: 5
  Depot: 0
  Interleaving: enabled

Loading warm-start from: results/heuristics_only/gr17/5x/gr17_heuristics.json
  Heuristic: Greedy Defer 5.0x
  Makespan: 5816.00

ALNS Configuration:
  Max iterations: 20000
  Max time: 300s
  No-improve limit: 500
  Destroy range: 10.0% - 30.0%
  Temperature: 100.0 (cooling: 0.999)
  Parallel workers: 4
  Cross-vehicle pickups: True

======================================================================
Running ALNS...
======================================================================

============================================================
ALNS for VRP-RPD
============================================================
Customers: 16, Vehicles: 3, Capacity: 5
Parallel workers: 4
Numba JIT: True
Allow cross-vehicle: True
Using warm-start from provided chromosome
  W0 iter 1: best=5343.00, cross=8, t=0.0s
  W0 done: makespan=5343.00, cross=8, t=1.1s
  W3 iter 5: best=5386.00, cross=8, t=0.0s
  W3 done: makespan=5386.00, cross=8, t=1.1s
  W1 iter 0: best=5733.00, cross=8, t=0.0s
  W1 iter 17: best=5715.00, cross=6, t=0.0s
  W1 iter 29: best=5222.00, cross=6, t=0.1s
  W1 iter 79: best=5192.00, cross=7, t=0.2s
  W1 done: makespan=5192.00, cross=7, t=1.2s
  W2 iter 1: best=4906.00, cross=9, t=0.0s
  W2 iter 33: best=4796.00, cross=7, t=0.1s
  W2 done: makespan=4796.00, cross=7, t=1.5s

------------------------------------------------------------
ALNS Final: 4796.00
Cross-vehicle: 7
Time: 1.5s
============================================================


Solution saved to: results/alns_ws/gr17/5x/gr17_alns.json
HTML Gantt chart saved to: results/alns_ws/gr17/5x/gr17_alns.html
Gantt chart saved to: results/alns_ws/gr17/5x/gr17_alns.html

======================================================================
ALNS COMPLETE
======================================================================
Warm-start makespan:  5816.00 (Greedy Defer 5.0x)
ALNS makespan:        4796.00
Improvement:          1020.00 (17.54%)
Solve time:           1.52s
Cross-vehicle:        7
======================================================================

