
======================================================================
ALNS Solver for VRP-RPD
======================================================================

Loading instance...
  TSP: datasets/gr48/gr48.tsp
  Jobs: datasets/gr48/2x/job_times.csv
  WARNING: Depot mismatch (TSP: 48, Jobs: 0). Using jobs file depot: 0

Problem:
  Customers: 47
  Agents: 6
  Capacity: 4
  Depot: 0
  Interleaving: enabled

Loading warm-start from: results/heuristics_only/gr48/2x/gr48_heuristics.json
  Heuristic: Greedy Defer 5.0x
  Makespan: 8984.00

ALNS Configuration:
  Max iterations: 20000
  Max time: 300s
  No-improve limit: 500
  Destroy range: 10.0% - 30.0%
  Temperature: 100.0 (cooling: 0.999)
  Parallel workers: 4
  Cross-vehicle pickups: True

======================================================================
Running ALNS...
======================================================================

============================================================
ALNS for VRP-RPD
============================================================
Customers: 47, Vehicles: 6, Capacity: 4
Parallel workers: 4
Numba JIT: True
Allow cross-vehicle: True
Using warm-start from provided chromosome
  W1 iter 6: best=8971.00, cross=11, t=0.1s
  W1 done: makespan=8971.00, cross=11, t=11.3s
  W0 iter 21: best=8464.00, cross=14, t=0.4s
  W0 iter 163: best=8349.00, cross=15, t=3.5s
  W0 iter 180: best=7954.00, cross=15, t=3.9s
  W0 iter 316: best=7934.00, cross=14, t=7.0s
  W0 iter 335: best=7927.00, cross=13, t=7.4s
  W0 done: makespan=7927.00, cross=13, t=18.5s
  W2 iter 7: best=8914.00, cross=12, t=0.2s
  W2 iter 105: best=8902.00, cross=11, t=2.3s
  W2 iter 156: best=8670.00, cross=10, t=3.4s
  W2 done: makespan=8670.00, cross=10, t=21.5s
  W3 iter 46: best=8745.00, cross=13, t=1.0s
  W3 iter 57: best=8106.00, cross=11, t=1.2s
  W3 done: makespan=8106.00, cross=11, t=12.2s

------------------------------------------------------------
ALNS Final: 7927.00
Cross-vehicle: 13
Time: 21.6s
============================================================


Solution saved to: results/alns_ws/gr48/2x/gr48_alns.json
HTML Gantt chart saved to: results/alns_ws/gr48/2x/gr48_alns.html
Gantt chart saved to: results/alns_ws/gr48/2x/gr48_alns.html

======================================================================
ALNS COMPLETE
======================================================================
Warm-start makespan:  8984.00 (Greedy Defer 5.0x)
ALNS makespan:        7927.00
Improvement:          1057.00 (11.77%)
Solve time:           21.58s
Cross-vehicle:        13
======================================================================

