
======================================================================
ALNS Solver for VRP-RPD
======================================================================

Loading instance...
  TSP: datasets/gr666/gr666.tsp
  Jobs: datasets/gr666/1R10/job_times_2.csv
  WARNING: Depot mismatch (TSP: 666, Jobs: 0). Using jobs file depot: 0

Problem:
  Customers: 665
  Agents: 6
  Capacity: 4
  Depot: 0
  Interleaving: enabled

Loading warm-start from: results/heuristics_only/gr666/1R10/job_times_2_heuristics.json
  Heuristic: Greedy Defer 5.0x
  Makespan: 5995092.00

ALNS Configuration:
  Max iterations: 20000
  Max time: 300s
  No-improve limit: 500
  Destroy range: 10.0% - 30.0%
  Temperature: 100.0 (cooling: 0.999)
  Parallel workers: 4
  Cross-vehicle pickups: True

======================================================================
Running ALNS...
======================================================================

============================================================
ALNS for VRP-RPD
============================================================
Customers: 665, Vehicles: 6, Capacity: 4
Parallel workers: 4
Numba JIT: True
Allow cross-vehicle: True
Using warm-start from provided chromosome
  W3 done: makespan=5995092.00, cross=17, t=355.3s
  W0 done: makespan=5995092.00, cross=17, t=323.5s
  W2 done: makespan=5995092.00, cross=17, t=305.9s
  W1 done: makespan=5995092.00, cross=17, t=355.9s

------------------------------------------------------------
ALNS Final: 5995092.00
Cross-vehicle: 17
Time: 356.0s
============================================================


Solution saved to: results/alns_ws/gr666/1R10/job_times_2_alns.json
HTML Gantt chart saved to: results/alns_ws/gr666/1R10/job_times_2_alns.html
Gantt chart saved to: results/alns_ws/gr666/1R10/job_times_2_alns.html

======================================================================
ALNS COMPLETE
======================================================================
Warm-start makespan:  5995092.00 (Greedy Defer 5.0x)
ALNS makespan:        5995092.00
Improvement:          0.00 (0.00%)
Solve time:           356.03s
Cross-vehicle:        17
======================================================================

