
======================================================================
ALNS Solver for VRP-RPD
======================================================================

Loading instance...
  TSP: datasets/bays29/bays29.tsp
  Jobs: datasets/bays29/2x/job_times.csv
  WARNING: Depot mismatch (TSP: 29, Jobs: 0). Using jobs file depot: 0

Problem:
  Customers: 28
  Agents: 6
  Capacity: 4
  Depot: 0
  Interleaving: enabled

Loading warm-start from: results/heuristics_only/bays29/2x/bays29_heuristics.json
  Heuristic: Greedy Defer 5.0x
  Makespan: 2438.00

ALNS Configuration:
  Max iterations: 20000
  Max time: 300s
  No-improve limit: 500
  Destroy range: 10.0% - 30.0%
  Temperature: 100.0 (cooling: 0.999)
  Parallel workers: 4
  Cross-vehicle pickups: True

======================================================================
Running ALNS...
======================================================================

============================================================
ALNS for VRP-RPD
============================================================
Customers: 28, Vehicles: 6, Capacity: 4
Parallel workers: 4
Numba JIT: True
Allow cross-vehicle: True
Using warm-start from provided chromosome
  W1 iter 1: best=2390.00, cross=9, t=0.0s
  W1 done: makespan=2390.00, cross=9, t=7.8s
  W0 done: makespan=2438.00, cross=9, t=9.6s
  W2 iter 5: best=2292.00, cross=8, t=0.0s
  W2 done: makespan=2292.00, cross=8, t=33.1s
  W3 done: makespan=2438.00, cross=9, t=6.2s

------------------------------------------------------------
ALNS Final: 2292.00
Cross-vehicle: 8
Time: 33.2s
============================================================


Solution saved to: results/alns_ws/bays29/2x/bays29_alns.json
HTML Gantt chart saved to: results/alns_ws/bays29/2x/bays29_alns.html
Gantt chart saved to: results/alns_ws/bays29/2x/bays29_alns.html

======================================================================
ALNS COMPLETE
======================================================================
Warm-start makespan:  2438.00 (Greedy Defer 5.0x)
ALNS makespan:        2292.00
Improvement:          146.00 (5.99%)
Solve time:           33.16s
Cross-vehicle:        8
======================================================================

