
======================================================================
ALNS Solver for VRP-RPD
======================================================================

Loading instance...
  TSP: datasets/eil51/eil51.tsp
  Jobs: datasets/eil51/5x/job_times.csv
  WARNING: Depot mismatch (TSP: 51, Jobs: 0). Using jobs file depot: 0

Problem:
  Customers: 50
  Agents: 6
  Capacity: 4
  Depot: 0
  Interleaving: enabled

Loading warm-start from: results/heuristics_only/eil51/5x/eil51_heuristics.json
  Heuristic: Max Regret
  Makespan: 1226.00

ALNS Configuration:
  Max iterations: 20000
  Max time: 300s
  No-improve limit: 500
  Destroy range: 10.0% - 30.0%
  Temperature: 100.0 (cooling: 0.999)
  Parallel workers: 4
  Cross-vehicle pickups: True

======================================================================
Running ALNS...
======================================================================

============================================================
ALNS for VRP-RPD
============================================================
Customers: 50, Vehicles: 6, Capacity: 4
Parallel workers: 4
Numba JIT: True
Allow cross-vehicle: True
Using warm-start from provided chromosome
  W1 done: makespan=1249.00, cross=41, t=99.9s
  W0 done: makespan=1249.00, cross=41, t=192.6s
  W3 iter 68: best=1241.00, cross=32, t=3.3s
  W3 done: makespan=1241.00, cross=32, t=91.7s
  W2 done: makespan=1249.00, cross=41, t=153.4s

------------------------------------------------------------
ALNS Final: 1241.00
Cross-vehicle: 32
Time: 192.7s
============================================================


Solution saved to: results/alns_ws/eil51/5x/eil51_alns.json
HTML Gantt chart saved to: results/alns_ws/eil51/5x/eil51_alns.html
Gantt chart saved to: results/alns_ws/eil51/5x/eil51_alns.html

======================================================================
ALNS COMPLETE
======================================================================
Warm-start makespan:  1226.00 (Max Regret)
ALNS makespan:        1241.00
Improvement:          -15.00 (-1.22%)
Solve time:           192.70s
Cross-vehicle:        32
======================================================================

