
======================================================================
ALNS Solver for VRP-RPD
======================================================================

Loading instance...
  TSP: datasets/gr17/gr17.tsp
  Jobs: datasets/gr17/2x/job_times.csv
  WARNING: Depot mismatch (TSP: 17, Jobs: 0). Using jobs file depot: 0

Problem:
  Customers: 16
  Agents: 3
  Capacity: 5
  Depot: 0
  Interleaving: enabled

Loading warm-start from: results/heuristics_only/gr17/2x/gr17_heuristics.json
  Heuristic: Greedy Defer 5.0x
  Makespan: 3680.00

ALNS Configuration:
  Max iterations: 20000
  Max time: 300s
  No-improve limit: 500
  Destroy range: 10.0% - 30.0%
  Temperature: 100.0 (cooling: 0.999)
  Parallel workers: 4
  Cross-vehicle pickups: True

======================================================================
Running ALNS...
======================================================================

============================================================
ALNS for VRP-RPD
============================================================
Customers: 16, Vehicles: 3, Capacity: 5
Parallel workers: 4
Numba JIT: True
Allow cross-vehicle: True
Using warm-start from provided chromosome
  W0 iter 24: best=3572.00, cross=7, t=0.1s
  W0 iter 28: best=3525.00, cross=4, t=0.1s
  W0 iter 39: best=3492.00, cross=3, t=0.1s
  W0 done: makespan=3492.00, cross=3, t=1.7s
  W2 iter 5: best=3661.00, cross=6, t=0.0s
  W2 iter 6: best=3658.00, cross=6, t=0.0s
  W2 done: makespan=3658.00, cross=6, t=1.7s
  W1 iter 1: best=3550.00, cross=6, t=0.0s
  W1 iter 17: best=3548.00, cross=5, t=0.0s
  W1 iter 32: best=3373.00, cross=4, t=0.1s
  W1 iter 127: best=3306.00, cross=3, t=0.3s
  W1 iter 585: best=3289.00, cross=3, t=1.3s
  W1 done: makespan=3289.00, cross=3, t=2.5s
  W3 iter 3: best=3625.00, cross=6, t=0.0s
  W3 iter 10: best=3556.00, cross=6, t=0.0s
  W3 done: makespan=3556.00, cross=6, t=3.4s

------------------------------------------------------------
ALNS Final: 3289.00
Cross-vehicle: 3
Time: 3.5s
============================================================


Solution saved to: results/alns_ws/gr17/2x/gr17_alns.json
HTML Gantt chart saved to: results/alns_ws/gr17/2x/gr17_alns.html
Gantt chart saved to: results/alns_ws/gr17/2x/gr17_alns.html

======================================================================
ALNS COMPLETE
======================================================================
Warm-start makespan:  3680.00 (Greedy Defer 5.0x)
ALNS makespan:        3289.00
Improvement:          391.00 (10.62%)
Solve time:           3.48s
Cross-vehicle:        3
======================================================================

