
======================================================================
ALNS Solver for VRP-RPD
======================================================================

Loading instance...
  TSP: datasets/kroA100/kroA100.tsp
  Jobs: datasets/kroA100/5x/job_times.csv
  WARNING: Depot mismatch (TSP: 100, Jobs: 0). Using jobs file depot: 0

Problem:
  Customers: 99
  Agents: 6
  Capacity: 4
  Depot: 0
  Interleaving: enabled

Loading warm-start from: results/heuristics_only/kroA100/5x/kroA100_heuristics.json
  Heuristic: Savings
  Makespan: 140206.00

ALNS Configuration:
  Max iterations: 20000
  Max time: 300s
  No-improve limit: 500
  Destroy range: 10.0% - 30.0%
  Temperature: 100.0 (cooling: 0.999)
  Parallel workers: 4
  Cross-vehicle pickups: True

======================================================================
Running ALNS...
======================================================================

============================================================
ALNS for VRP-RPD
============================================================
Customers: 99, Vehicles: 6, Capacity: 4
Parallel workers: 4
Numba JIT: True
Allow cross-vehicle: True
Using warm-start from provided chromosome
  W0 done: makespan=140206.00, cross=0, t=117.6s
  W2 done: makespan=140206.00, cross=0, t=115.1s
  W1 done: makespan=140206.00, cross=0, t=117.7s
  W3 done: makespan=140206.00, cross=0, t=118.9s

------------------------------------------------------------
ALNS Final: 140206.00
Cross-vehicle: 0
Time: 119.0s
============================================================


Solution saved to: results/alns_ws/kroA100/5x/kroA100_alns.json
HTML Gantt chart saved to: results/alns_ws/kroA100/5x/kroA100_alns.html
Gantt chart saved to: results/alns_ws/kroA100/5x/kroA100_alns.html

======================================================================
ALNS COMPLETE
======================================================================
Warm-start makespan:  140206.00 (Savings)
ALNS makespan:        140206.00
Improvement:          0.00 (0.00%)
Solve time:           118.98s
Cross-vehicle:        0
======================================================================

