
======================================================================
ALNS Solver for VRP-RPD
======================================================================

Loading instance...
  TSP: datasets/gr48/gr48.tsp
  Jobs: datasets/gr48/1R10/job_times_1.csv
  WARNING: Depot mismatch (TSP: 48, Jobs: 0). Using jobs file depot: 0

Problem:
  Customers: 47
  Agents: 6
  Capacity: 4
  Depot: 0
  Interleaving: enabled

Loading warm-start from: results/heuristics_only/gr48/1R10/job_times_1_heuristics.json
  Heuristic: Greedy Defer 5.0x
  Makespan: 21380.00

ALNS Configuration:
  Max iterations: 20000
  Max time: 300s
  No-improve limit: 500
  Destroy range: 10.0% - 30.0%
  Temperature: 100.0 (cooling: 0.999)
  Parallel workers: 4
  Cross-vehicle pickups: True

======================================================================
Running ALNS...
======================================================================

============================================================
ALNS for VRP-RPD
============================================================
Customers: 47, Vehicles: 6, Capacity: 4
Parallel workers: 4
Numba JIT: True
Allow cross-vehicle: True
Using warm-start from provided chromosome
  W2 iter 85: best=21350.00, cross=13, t=2.0s
  W2 iter 265: best=21341.00, cross=10, t=6.1s
  W2 done: makespan=21341.00, cross=10, t=17.7s
  W1 iter 28: best=21371.00, cross=12, t=0.7s
  W1 iter 48: best=21341.00, cross=12, t=1.1s
  W1 done: makespan=21341.00, cross=12, t=26.6s
  W3 iter 53: best=21341.00, cross=12, t=1.2s
  W3 done: makespan=21341.00, cross=12, t=14.9s
  W0 iter 15: best=21371.00, cross=13, t=0.3s
  W0 iter 458: best=21350.00, cross=10, t=10.4s
  W0 iter 491: best=21341.00, cross=10, t=11.2s
  W0 done: makespan=21341.00, cross=10, t=25.3s

------------------------------------------------------------
ALNS Final: 21341.00
Cross-vehicle: 12
Time: 26.6s
============================================================


Solution saved to: results/alns_ws/gr48/1R10/job_times_1_alns.json
HTML Gantt chart saved to: results/alns_ws/gr48/1R10/job_times_1_alns.html
Gantt chart saved to: results/alns_ws/gr48/1R10/job_times_1_alns.html

======================================================================
ALNS COMPLETE
======================================================================
Warm-start makespan:  21380.00 (Greedy Defer 5.0x)
ALNS makespan:        21341.00
Improvement:          39.00 (0.18%)
Solve time:           26.64s
Cross-vehicle:        12
======================================================================

