
======================================================================
ALNS Solver for VRP-RPD
======================================================================

Loading instance...
  TSP: datasets/gr48/gr48.tsp
  Jobs: datasets/gr48/1R10/job_times_2.csv
  WARNING: Depot mismatch (TSP: 48, Jobs: 0). Using jobs file depot: 0

Problem:
  Customers: 47
  Agents: 6
  Capacity: 4
  Depot: 0
  Interleaving: enabled

Loading warm-start from: results/heuristics_only/gr48/1R10/job_times_2_heuristics.json
  Heuristic: Max Regret
  Makespan: 21081.00

ALNS Configuration:
  Max iterations: 20000
  Max time: 300s
  No-improve limit: 500
  Destroy range: 10.0% - 30.0%
  Temperature: 100.0 (cooling: 0.999)
  Parallel workers: 4
  Cross-vehicle pickups: True

======================================================================
Running ALNS...
======================================================================

============================================================
ALNS for VRP-RPD
============================================================
Customers: 47, Vehicles: 6, Capacity: 4
Parallel workers: 4
Numba JIT: True
Allow cross-vehicle: True
Using warm-start from provided chromosome
  W2 iter 6: best=19446.00, cross=37, t=0.2s
  W2 iter 35: best=18440.00, cross=36, t=1.2s
  W2 done: makespan=18440.00, cross=36, t=18.5s
  W1 iter 0: best=21452.00, cross=37, t=0.0s
  W1 iter 50: best=20223.00, cross=36, t=1.8s
  W1 done: makespan=20223.00, cross=36, t=20.1s
  W0 iter 26: best=19421.00, cross=36, t=0.9s
  W0 iter 48: best=18509.00, cross=30, t=1.7s
  W0 iter 382: best=18505.00, cross=27, t=12.5s
  W0 iter 446: best=17893.00, cross=27, t=14.4s
  W0 iter 584: best=17808.00, cross=26, t=18.8s
  W0 done: makespan=17808.00, cross=26, t=34.6s
  W3 iter 9: best=18644.00, cross=37, t=0.3s
  W3 iter 368: best=18275.00, cross=35, t=12.4s
  W3 done: makespan=18275.00, cross=35, t=29.3s

------------------------------------------------------------
ALNS Final: 17808.00
Cross-vehicle: 26
Time: 34.7s
============================================================


Solution saved to: results/alns_ws/gr48/1R10/job_times_2_alns.json
HTML Gantt chart saved to: results/alns_ws/gr48/1R10/job_times_2_alns.html
Gantt chart saved to: results/alns_ws/gr48/1R10/job_times_2_alns.html

======================================================================
ALNS COMPLETE
======================================================================
Warm-start makespan:  21081.00 (Max Regret)
ALNS makespan:        17808.00
Improvement:          3273.00 (15.53%)
Solve time:           34.69s
Cross-vehicle:        26
======================================================================

