
======================================================================
ALNS Solver for VRP-RPD
======================================================================

Loading instance...
  TSP: datasets/rat783/rat783.tsp
  Jobs: datasets/rat783/1R20/job_times_1.csv
  WARNING: Depot mismatch (TSP: 783, Jobs: 0). Using jobs file depot: 0

Problem:
  Customers: 782
  Agents: 6
  Capacity: 4
  Depot: 0
  Interleaving: enabled

Loading warm-start from: results/heuristics_only/rat783/1R20/job_times_1_heuristics.json
  Heuristic: Savings
  Makespan: 340365.00

ALNS Configuration:
  Max iterations: 20000
  Max time: 300s
  No-improve limit: 500
  Destroy range: 10.0% - 30.0%
  Temperature: 100.0 (cooling: 0.999)
  Parallel workers: 4
  Cross-vehicle pickups: True

======================================================================
Running ALNS...
======================================================================

============================================================
ALNS for VRP-RPD
============================================================
Customers: 782, Vehicles: 6, Capacity: 4
Parallel workers: 4
Numba JIT: True
Allow cross-vehicle: True
Using warm-start from provided chromosome
  W0 done: makespan=340365.00, cross=0, t=334.2s
  W3 done: makespan=340365.00, cross=0, t=317.8s
  W1 done: makespan=340365.00, cross=0, t=330.3s
  W2 done: makespan=340365.00, cross=0, t=391.7s

------------------------------------------------------------
ALNS Final: 340365.00
Cross-vehicle: 0
Time: 391.9s
============================================================


Solution saved to: results/alns_ws/rat783/1R20/job_times_1_alns.json
HTML Gantt chart saved to: results/alns_ws/rat783/1R20/job_times_1_alns.html
Gantt chart saved to: results/alns_ws/rat783/1R20/job_times_1_alns.html

======================================================================
ALNS COMPLETE
======================================================================
Warm-start makespan:  340365.00 (Savings)
ALNS makespan:        340365.00
Improvement:          0.00 (0.00%)
Solve time:           391.91s
Cross-vehicle:        0
======================================================================

