
======================================================================
ALNS Solver for VRP-RPD
======================================================================

Loading instance...
  TSP: datasets/berlin52/berlin52.tsp
  Jobs: datasets/berlin52/2x/job_times.csv
  WARNING: Depot mismatch (TSP: 52, Jobs: 0). Using jobs file depot: 0

Problem:
  Customers: 51
  Agents: 6
  Capacity: 4
  Depot: 0
  Interleaving: enabled

Loading warm-start from: results/heuristics_only/berlin52/2x/berlin52_heuristics.json
  Heuristic: Greedy Defer 5.0x
  Makespan: 15283.00

ALNS Configuration:
  Max iterations: 20000
  Max time: 300s
  No-improve limit: 500
  Destroy range: 10.0% - 30.0%
  Temperature: 100.0 (cooling: 0.999)
  Parallel workers: 4
  Cross-vehicle pickups: True

======================================================================
Running ALNS...
======================================================================

============================================================
ALNS for VRP-RPD
============================================================
Customers: 51, Vehicles: 6, Capacity: 4
Parallel workers: 4
Numba JIT: True
Allow cross-vehicle: True
Using warm-start from provided chromosome
  W0 done: makespan=15283.00, cross=12, t=25.1s
  W3 done: makespan=15283.00, cross=12, t=14.2s
  W2 iter 11: best=15240.00, cross=11, t=0.4s
  W2 done: makespan=15240.00, cross=11, t=14.7s
  W1 iter 309: best=15257.00, cross=12, t=8.7s
  W1 done: makespan=15257.00, cross=12, t=52.8s

------------------------------------------------------------
ALNS Final: 15240.00
Cross-vehicle: 11
Time: 52.8s
============================================================


Solution saved to: results/alns_ws/berlin52/2x/berlin52_alns.json
HTML Gantt chart saved to: results/alns_ws/berlin52/2x/berlin52_alns.html
Gantt chart saved to: results/alns_ws/berlin52/2x/berlin52_alns.html

======================================================================
ALNS COMPLETE
======================================================================
Warm-start makespan:  15283.00 (Greedy Defer 5.0x)
ALNS makespan:        15240.00
Improvement:          43.00 (0.28%)
Solve time:           52.83s
Cross-vehicle:        11
======================================================================

