
======================================================================
ALNS Solver for VRP-RPD
======================================================================

Loading instance...
  TSP: datasets/eil51/eil51.tsp
  Jobs: datasets/eil51/1R20/job_times_1.csv
  WARNING: Depot mismatch (TSP: 51, Jobs: 0). Using jobs file depot: 0

Problem:
  Customers: 50
  Agents: 6
  Capacity: 4
  Depot: 0
  Interleaving: enabled

Loading warm-start from: results/heuristics_only/eil51/1R20/job_times_1_heuristics.json
  Heuristic: Max Regret
  Makespan: 2364.00

ALNS Configuration:
  Max iterations: 20000
  Max time: 300s
  No-improve limit: 500
  Destroy range: 10.0% - 30.0%
  Temperature: 100.0 (cooling: 0.999)
  Parallel workers: 4
  Cross-vehicle pickups: True

======================================================================
Running ALNS...
======================================================================

============================================================
ALNS for VRP-RPD
============================================================
Customers: 50, Vehicles: 6, Capacity: 4
Parallel workers: 4
Numba JIT: True
Allow cross-vehicle: True
Using warm-start from provided chromosome
  W2 iter 39: best=2071.00, cross=40, t=1.9s
  W2 done: makespan=2071.00, cross=40, t=26.9s
  W0 iter 53: best=2301.00, cross=35, t=2.9s
  W0 done: makespan=2301.00, cross=35, t=29.5s
  W3 iter 382: best=2260.00, cross=30, t=22.7s
  W3 iter 411: best=2212.00, cross=30, t=24.2s
  W3 done: makespan=2212.00, cross=30, t=57.4s
  W1 iter 64: best=2167.00, cross=38, t=3.2s
  W1 iter 108: best=2074.00, cross=35, t=5.6s
  W1 done: makespan=2074.00, cross=35, t=31.0s

------------------------------------------------------------
ALNS Final: 2071.00
Cross-vehicle: 40
Time: 57.4s
============================================================


Solution saved to: results/alns_ws/eil51/1R20/job_times_1_alns.json
HTML Gantt chart saved to: results/alns_ws/eil51/1R20/job_times_1_alns.html
Gantt chart saved to: results/alns_ws/eil51/1R20/job_times_1_alns.html

======================================================================
ALNS COMPLETE
======================================================================
Warm-start makespan:  2364.00 (Max Regret)
ALNS makespan:        2071.00
Improvement:          293.00 (12.39%)
Solve time:           57.44s
Cross-vehicle:        40
======================================================================

