
======================================================================
ALNS Solver for VRP-RPD
======================================================================

Loading instance...
  TSP: datasets/bays29/bays29.tsp
  Jobs: datasets/bays29/base/job_times.csv
  WARNING: Depot mismatch (TSP: 29, Jobs: 0). Using jobs file depot: 0

Problem:
  Customers: 28
  Agents: 6
  Capacity: 4
  Depot: 0
  Interleaving: enabled

Loading warm-start from: results/heuristics_only/bays29/base/bays29_heuristics.json
  Heuristic: Greedy Defer 5.0x
  Makespan: 1704.00

ALNS Configuration:
  Max iterations: 20000
  Max time: 300s
  No-improve limit: 500
  Destroy range: 10.0% - 30.0%
  Temperature: 100.0 (cooling: 0.999)
  Parallel workers: 4
  Cross-vehicle pickups: True

======================================================================
Running ALNS...
======================================================================

============================================================
ALNS for VRP-RPD
============================================================
Customers: 28, Vehicles: 6, Capacity: 4
Parallel workers: 4
Numba JIT: True
Allow cross-vehicle: True
Using warm-start from provided chromosome
  W1 done: makespan=1704.00, cross=10, t=13.3s
  W3 iter 0: best=1697.00, cross=8, t=0.0s
  W3 done: makespan=1697.00, cross=8, t=28.0s
  W2 iter 7: best=1701.00, cross=9, t=0.0s
  W2 done: makespan=1701.00, cross=9, t=20.7s
  W0 done: makespan=1704.00, cross=10, t=20.0s

------------------------------------------------------------
ALNS Final: 1697.00
Cross-vehicle: 8
Time: 28.1s
============================================================


Solution saved to: results/alns_ws/bays29/base/bays29_alns.json
HTML Gantt chart saved to: results/alns_ws/bays29/base/bays29_alns.html
Gantt chart saved to: results/alns_ws/bays29/base/bays29_alns.html

======================================================================
ALNS COMPLETE
======================================================================
Warm-start makespan:  1704.00 (Greedy Defer 5.0x)
ALNS makespan:        1697.00
Improvement:          7.00 (0.41%)
Solve time:           28.11s
Cross-vehicle:        8
======================================================================

