
======================================================================
ALNS Solver for VRP-RPD
======================================================================

Loading instance...
  TSP: datasets/eil51/eil51.tsp
  Jobs: datasets/eil51/2x/job_times.csv
  WARNING: Depot mismatch (TSP: 51, Jobs: 0). Using jobs file depot: 0

Problem:
  Customers: 50
  Agents: 6
  Capacity: 4
  Depot: 0
  Interleaving: enabled

Loading warm-start from: results/heuristics_only/eil51/2x/eil51_heuristics.json
  Heuristic: Greedy Defer 5.0x
  Makespan: 727.00

ALNS Configuration:
  Max iterations: 20000
  Max time: 300s
  No-improve limit: 500
  Destroy range: 10.0% - 30.0%
  Temperature: 100.0 (cooling: 0.999)
  Parallel workers: 4
  Cross-vehicle pickups: True

======================================================================
Running ALNS...
======================================================================

============================================================
ALNS for VRP-RPD
============================================================
Customers: 50, Vehicles: 6, Capacity: 4
Parallel workers: 4
Numba JIT: True
Allow cross-vehicle: True
Using warm-start from provided chromosome
  W0 done: makespan=727.00, cross=8, t=138.0s
  W1 done: makespan=727.00, cross=8, t=154.0s
  W2 done: makespan=727.00, cross=8, t=192.3s
  W3 done: makespan=727.00, cross=8, t=177.5s

------------------------------------------------------------
ALNS Final: 727.00
Cross-vehicle: 8
Time: 192.4s
============================================================


Solution saved to: results/alns_ws/eil51/2x/eil51_alns.json
HTML Gantt chart saved to: results/alns_ws/eil51/2x/eil51_alns.html
Gantt chart saved to: results/alns_ws/eil51/2x/eil51_alns.html

======================================================================
ALNS COMPLETE
======================================================================
Warm-start makespan:  727.00 (Greedy Defer 5.0x)
ALNS makespan:        727.00
Improvement:          0.00 (0.00%)
Solve time:           192.37s
Cross-vehicle:        8
======================================================================

