
======================================================================
ALNS Solver for VRP-RPD
======================================================================

Loading instance...
  TSP: datasets/rat783/rat783.tsp
  Jobs: datasets/rat783/2x/job_times.csv
  WARNING: Depot mismatch (TSP: 783, Jobs: 0). Using jobs file depot: 0

Problem:
  Customers: 782
  Agents: 6
  Capacity: 4
  Depot: 0
  Interleaving: enabled

Loading warm-start from: results/heuristics_only/rat783/2x/rat783_heuristics.json
  Heuristic: Savings
  Makespan: 72681.00

ALNS Configuration:
  Max iterations: 20000
  Max time: 300s
  No-improve limit: 500
  Destroy range: 10.0% - 30.0%
  Temperature: 100.0 (cooling: 0.999)
  Parallel workers: 4
  Cross-vehicle pickups: True

======================================================================
Running ALNS...
======================================================================

============================================================
ALNS for VRP-RPD
============================================================
Customers: 782, Vehicles: 6, Capacity: 4
Parallel workers: 4
Numba JIT: True
Allow cross-vehicle: True
Using warm-start from provided chromosome
  W2 done: makespan=72681.00, cross=0, t=339.7s
  W1 done: makespan=72681.00, cross=0, t=411.7s
  W0 done: makespan=72681.00, cross=0, t=388.5s
  W3 done: makespan=72681.00, cross=0, t=416.9s

------------------------------------------------------------
ALNS Final: 72681.00
Cross-vehicle: 0
Time: 417.1s
============================================================


Solution saved to: results/alns_ws/rat783/2x/rat783_alns.json
HTML Gantt chart saved to: results/alns_ws/rat783/2x/rat783_alns.html
Gantt chart saved to: results/alns_ws/rat783/2x/rat783_alns.html

======================================================================
ALNS COMPLETE
======================================================================
Warm-start makespan:  72681.00 (Savings)
ALNS makespan:        72681.00
Improvement:          0.00 (0.00%)
Solve time:           417.09s
Cross-vehicle:        0
======================================================================

