
======================================================================
ALNS Solver for VRP-RPD
======================================================================

Loading instance...
  TSP: datasets/berlin52/berlin52.tsp
  Jobs: datasets/berlin52/5x/job_times.csv
  WARNING: Depot mismatch (TSP: 52, Jobs: 0). Using jobs file depot: 0

Problem:
  Customers: 51
  Agents: 6
  Capacity: 4
  Depot: 0
  Interleaving: enabled

Loading warm-start from: results/heuristics_only/berlin52/5x/berlin52_heuristics.json
  Heuristic: Max Regret
  Makespan: 26789.00

ALNS Configuration:
  Max iterations: 20000
  Max time: 300s
  No-improve limit: 500
  Destroy range: 10.0% - 30.0%
  Temperature: 100.0 (cooling: 0.999)
  Parallel workers: 4
  Cross-vehicle pickups: True

======================================================================
Running ALNS...
======================================================================

============================================================
ALNS for VRP-RPD
============================================================
Customers: 51, Vehicles: 6, Capacity: 4
Parallel workers: 4
Numba JIT: True
Allow cross-vehicle: True
Using warm-start from provided chromosome
  W1 done: makespan=26789.00, cross=42, t=24.4s
  W2 iter 61: best=26683.00, cross=39, t=2.9s
  W2 iter 76: best=26389.00, cross=32, t=3.6s
  W2 iter 238: best=25097.00, cross=30, t=11.1s
  W2 done: makespan=25097.00, cross=30, t=33.5s
  W0 iter 166: best=25739.00, cross=37, t=8.1s
  W0 iter 171: best=21208.00, cross=35, t=8.3s
  W0 done: makespan=21208.00, cross=35, t=30.9s
  W3 iter 100: best=26137.00, cross=38, t=4.9s
  W3 iter 433: best=25366.00, cross=37, t=20.8s
  W3 iter 476: best=23763.00, cross=34, t=22.7s
  W3 done: makespan=23763.00, cross=34, t=42.7s

------------------------------------------------------------
ALNS Final: 21208.00
Cross-vehicle: 35
Time: 42.8s
============================================================


Solution saved to: results/alns_ws/berlin52/5x/berlin52_alns.json
HTML Gantt chart saved to: results/alns_ws/berlin52/5x/berlin52_alns.html
Gantt chart saved to: results/alns_ws/berlin52/5x/berlin52_alns.html

======================================================================
ALNS COMPLETE
======================================================================
Warm-start makespan:  26789.00 (Max Regret)
ALNS makespan:        21208.00
Improvement:          5581.00 (20.83%)
Solve time:           42.79s
Cross-vehicle:        35
======================================================================

