
======================================================================
ALNS Solver for VRP-RPD
======================================================================

Loading instance...
  TSP: datasets/bays29/bays29.tsp
  Jobs: datasets/bays29/5x/job_times.csv
  WARNING: Depot mismatch (TSP: 29, Jobs: 0). Using jobs file depot: 0

Problem:
  Customers: 28
  Agents: 6
  Capacity: 4
  Depot: 0
  Interleaving: enabled

Loading warm-start from: results/heuristics_only/bays29/5x/bays29_heuristics.json
  Heuristic: Max Regret
  Makespan: 4625.00

ALNS Configuration:
  Max iterations: 20000
  Max time: 300s
  No-improve limit: 500
  Destroy range: 10.0% - 30.0%
  Temperature: 100.0 (cooling: 0.999)
  Parallel workers: 4
  Cross-vehicle pickups: True

======================================================================
Running ALNS...
======================================================================

============================================================
ALNS for VRP-RPD
============================================================
Customers: 28, Vehicles: 6, Capacity: 4
Parallel workers: 4
Numba JIT: True
Allow cross-vehicle: True
Using warm-start from provided chromosome
  W0 done: makespan=4625.00, cross=23, t=5.0s
  W1 done: makespan=4625.00, cross=23, t=6.5s
  W2 iter 39: best=4296.00, cross=21, t=0.4s
  W2 iter 43: best=4203.00, cross=20, t=0.4s
  W2 done: makespan=4203.00, cross=20, t=5.3s
  W3 iter 77: best=4506.00, cross=17, t=0.7s
  W3 done: makespan=4506.00, cross=17, t=5.3s

------------------------------------------------------------
ALNS Final: 4203.00
Cross-vehicle: 20
Time: 6.5s
============================================================


Solution saved to: results/alns_ws/bays29/5x/bays29_alns.json
HTML Gantt chart saved to: results/alns_ws/bays29/5x/bays29_alns.html
Gantt chart saved to: results/alns_ws/bays29/5x/bays29_alns.html

======================================================================
ALNS COMPLETE
======================================================================
Warm-start makespan:  4625.00 (Max Regret)
ALNS makespan:        4203.00
Improvement:          422.00 (9.12%)
Solve time:           6.52s
Cross-vehicle:        20
======================================================================

