
======================================================================
ALNS Solver for VRP-RPD
======================================================================

Loading instance...
  TSP: datasets/berlin52/berlin52.tsp
  Jobs: datasets/berlin52/1R10/job_times_2.csv
  WARNING: Depot mismatch (TSP: 52, Jobs: 0). Using jobs file depot: 0

Problem:
  Customers: 51
  Agents: 6
  Capacity: 4
  Depot: 0
  Interleaving: enabled

Loading warm-start from: results/heuristics_only/berlin52/1R10/job_times_2_heuristics.json
  Heuristic: Greedy Defer 5.0x
  Makespan: 41442.00

ALNS Configuration:
  Max iterations: 20000
  Max time: 300s
  No-improve limit: 500
  Destroy range: 10.0% - 30.0%
  Temperature: 100.0 (cooling: 0.999)
  Parallel workers: 4
  Cross-vehicle pickups: True

======================================================================
Running ALNS...
======================================================================

============================================================
ALNS for VRP-RPD
============================================================
Customers: 51, Vehicles: 6, Capacity: 4
Parallel workers: 4
Numba JIT: True
Allow cross-vehicle: True
Using warm-start from provided chromosome
  W2 iter 20: best=39674.00, cross=14, t=0.5s
  W2 iter 123: best=39634.00, cross=11, t=3.0s
  W2 done: makespan=39634.00, cross=11, t=15.8s
  W3 iter 58: best=41327.00, cross=15, t=1.5s
  W3 iter 70: best=39464.00, cross=14, t=1.8s
  W3 iter 181: best=38844.00, cross=12, t=4.7s
  W3 done: makespan=38844.00, cross=12, t=17.4s
  W1 iter 12: best=40525.00, cross=17, t=0.3s
  W1 iter 109: best=40428.00, cross=13, t=2.7s
  W1 iter 131: best=40268.00, cross=11, t=3.3s
  W1 iter 272: best=39921.00, cross=9, t=7.0s
  W1 done: makespan=39921.00, cross=9, t=20.1s
  W0 iter 37: best=41374.00, cross=14, t=1.0s
  W0 iter 103: best=41345.00, cross=14, t=2.7s
  W0 iter 158: best=41315.00, cross=11, t=4.1s
  W0 done: makespan=41315.00, cross=11, t=17.2s

------------------------------------------------------------
ALNS Final: 38844.00
Cross-vehicle: 12
Time: 20.2s
============================================================


Solution saved to: results/alns_ws/berlin52/1R10/job_times_2_alns.json
HTML Gantt chart saved to: results/alns_ws/berlin52/1R10/job_times_2_alns.html
Gantt chart saved to: results/alns_ws/berlin52/1R10/job_times_2_alns.html

======================================================================
ALNS COMPLETE
======================================================================
Warm-start makespan:  41442.00 (Greedy Defer 5.0x)
ALNS makespan:        38844.00
Improvement:          2598.00 (6.27%)
Solve time:           20.19s
Cross-vehicle:        12
======================================================================

