
======================================================================
ALNS Solver for VRP-RPD
======================================================================

Loading instance...
  TSP: datasets/gr48/gr48.tsp
  Jobs: datasets/gr48/base/job_times.csv
  WARNING: Depot mismatch (TSP: 48, Jobs: 0). Using jobs file depot: 0

Problem:
  Customers: 47
  Agents: 6
  Capacity: 4
  Depot: 0
  Interleaving: enabled

Loading warm-start from: results/heuristics_only/gr48/base/gr48_heuristics.json
  Heuristic: Greedy Defer 5.0x
  Makespan: 5741.00

ALNS Configuration:
  Max iterations: 20000
  Max time: 300s
  No-improve limit: 500
  Destroy range: 10.0% - 30.0%
  Temperature: 100.0 (cooling: 0.999)
  Parallel workers: 4
  Cross-vehicle pickups: True

======================================================================
Running ALNS...
======================================================================

============================================================
ALNS for VRP-RPD
============================================================
Customers: 47, Vehicles: 6, Capacity: 4
Parallel workers: 4
Numba JIT: True
Allow cross-vehicle: True
Using warm-start from provided chromosome
  W0 iter 12: best=5728.00, cross=10, t=0.3s
  W0 iter 37: best=5581.00, cross=7, t=0.9s
  W0 iter 100: best=5520.00, cross=6, t=2.4s
  W0 done: makespan=5520.00, cross=6, t=14.1s
  W1 iter 2: best=5674.00, cross=8, t=0.1s
  W1 done: makespan=5674.00, cross=8, t=65.5s
  W3 iter 17: best=5581.00, cross=9, t=0.4s
  W3 iter 216: best=5547.00, cross=3, t=5.1s
  W3 iter 301: best=5510.00, cross=4, t=7.1s
  W3 done: makespan=5510.00, cross=4, t=18.4s
  W2 iter 0: best=5690.00, cross=8, t=0.0s
  W2 iter 6: best=5679.00, cross=7, t=0.2s
  W2 iter 22: best=5588.00, cross=5, t=0.7s
  W2 iter 32: best=5550.00, cross=6, t=0.9s
  W2 done: makespan=5550.00, cross=6, t=24.1s

------------------------------------------------------------
ALNS Final: 5510.00
Cross-vehicle: 4
Time: 65.6s
============================================================


Solution saved to: results/alns_ws/gr48/base/gr48_alns.json
HTML Gantt chart saved to: results/alns_ws/gr48/base/gr48_alns.html
Gantt chart saved to: results/alns_ws/gr48/base/gr48_alns.html

======================================================================
ALNS COMPLETE
======================================================================
Warm-start makespan:  5741.00 (Greedy Defer 5.0x)
ALNS makespan:        5510.00
Improvement:          231.00 (4.02%)
Solve time:           65.61s
Cross-vehicle:        4
======================================================================

