
======================================================================
ALNS Solver for VRP-RPD
======================================================================

Loading instance...
  TSP: datasets/gr48/gr48.tsp
  Jobs: datasets/gr48/5x/job_times.csv
  WARNING: Depot mismatch (TSP: 48, Jobs: 0). Using jobs file depot: 0

Problem:
  Customers: 47
  Agents: 6
  Capacity: 4
  Depot: 0
  Interleaving: enabled

Loading warm-start from: results/heuristics_only/gr48/5x/gr48_heuristics.json
  Heuristic: Max Regret
  Makespan: 15747.00

ALNS Configuration:
  Max iterations: 20000
  Max time: 300s
  No-improve limit: 500
  Destroy range: 10.0% - 30.0%
  Temperature: 100.0 (cooling: 0.999)
  Parallel workers: 4
  Cross-vehicle pickups: True

======================================================================
Running ALNS...
======================================================================

============================================================
ALNS for VRP-RPD
============================================================
Customers: 47, Vehicles: 6, Capacity: 4
Parallel workers: 4
Numba JIT: True
Allow cross-vehicle: True
Using warm-start from provided chromosome
  W1 iter 18: best=16970.00, cross=35, t=0.8s
  W1 iter 257: best=16813.00, cross=33, t=10.3s
  W1 done: makespan=16813.00, cross=33, t=29.8s
  W0 iter 7: best=16688.00, cross=37, t=0.3s
  W0 iter 174: best=16569.00, cross=36, t=7.1s
  W0 iter 348: best=16415.00, cross=35, t=14.1s
  W0 iter 421: best=15471.00, cross=34, t=16.9s
  W0 done: makespan=15471.00, cross=34, t=36.2s
  W3 iter 342: best=16154.00, cross=35, t=14.2s
  W3 iter 627: best=16073.00, cross=34, t=25.3s
  W3 iter 654: best=15707.00, cross=32, t=26.5s
  W3 done: makespan=15707.00, cross=32, t=47.2s
  W2 iter 24: best=16981.00, cross=36, t=1.1s
  W2 done: makespan=16981.00, cross=36, t=21.3s

------------------------------------------------------------
ALNS Final: 15471.00
Cross-vehicle: 34
Time: 47.3s
============================================================


Solution saved to: results/alns_ws/gr48/5x/gr48_alns.json
HTML Gantt chart saved to: results/alns_ws/gr48/5x/gr48_alns.html
Gantt chart saved to: results/alns_ws/gr48/5x/gr48_alns.html

======================================================================
ALNS COMPLETE
======================================================================
Warm-start makespan:  15747.00 (Max Regret)
ALNS makespan:        15471.00
Improvement:          276.00 (1.75%)
Solve time:           47.29s
Cross-vehicle:        34
======================================================================

