
======================================================================
ALNS Solver for VRP-RPD
======================================================================

Loading instance...
  TSP: datasets/kroA100/kroA100.tsp
  Jobs: datasets/kroA100/base/job_times.csv
  WARNING: Depot mismatch (TSP: 100, Jobs: 0). Using jobs file depot: 0

Problem:
  Customers: 99
  Agents: 6
  Capacity: 4
  Depot: 0
  Interleaving: enabled

Loading warm-start from: results/heuristics_only/kroA100/base/kroA100_heuristics.json
  Heuristic: Greedy Defer 5.0x
  Makespan: 39484.00

ALNS Configuration:
  Max iterations: 20000
  Max time: 300s
  No-improve limit: 500
  Destroy range: 10.0% - 30.0%
  Temperature: 100.0 (cooling: 0.999)
  Parallel workers: 4
  Cross-vehicle pickups: True

======================================================================
Running ALNS...
======================================================================

============================================================
ALNS for VRP-RPD
============================================================
Customers: 99, Vehicles: 6, Capacity: 4
Parallel workers: 4
Numba JIT: True
Allow cross-vehicle: True
Using warm-start from provided chromosome
  W1 iter 104: best=39453.00, cross=11, t=16.1s
  W1 iter 237: best=39446.00, cross=10, t=36.0s
  W1 iter 255: best=39424.00, cross=10, t=38.8s
  W1 iter 528: best=39396.00, cross=8, t=78.3s
  W1 iter 926: best=39392.00, cross=6, t=137.1s
  W1 done: makespan=39392.00, cross=6, t=211.7s
  W0 iter 636: best=39397.00, cross=7, t=95.0s
  W0 done: makespan=39397.00, cross=7, t=169.9s
  W3 iter 204: best=39162.00, cross=11, t=29.8s
  W3 done: makespan=39162.00, cross=11, t=103.9s
  W2 iter 170: best=39336.00, cross=8, t=23.9s
  W2 iter 188: best=39008.00, cross=8, t=26.4s
  W2 iter 206: best=38485.00, cross=7, t=29.2s
  W2 done: makespan=38485.00, cross=7, t=104.3s

------------------------------------------------------------
ALNS Final: 38485.00
Cross-vehicle: 7
Time: 211.7s
============================================================


Solution saved to: results/alns_ws/kroA100/base/kroA100_alns.json
HTML Gantt chart saved to: results/alns_ws/kroA100/base/kroA100_alns.html
Gantt chart saved to: results/alns_ws/kroA100/base/kroA100_alns.html

======================================================================
ALNS COMPLETE
======================================================================
Warm-start makespan:  39484.00 (Greedy Defer 5.0x)
ALNS makespan:        38485.00
Improvement:          999.00 (2.53%)
Solve time:           211.75s
Cross-vehicle:        7
======================================================================

