
======================================================================
ALNS Solver for VRP-RPD
======================================================================

Loading instance...
  TSP: datasets/gr666/gr666.tsp
  Jobs: datasets/gr666/2x/job_times.csv
  WARNING: Depot mismatch (TSP: 666, Jobs: 0). Using jobs file depot: 0

Problem:
  Customers: 665
  Agents: 6
  Capacity: 4
  Depot: 0
  Interleaving: enabled

Loading warm-start from: results/heuristics_only/gr666/2x/gr666_heuristics.json
  Heuristic: Greedy Defer 5.0x
  Makespan: 2256865.00

ALNS Configuration:
  Max iterations: 20000
  Max time: 300s
  No-improve limit: 500
  Destroy range: 10.0% - 30.0%
  Temperature: 100.0 (cooling: 0.999)
  Parallel workers: 4
  Cross-vehicle pickups: True

======================================================================
Running ALNS...
======================================================================

============================================================
ALNS for VRP-RPD
============================================================
Customers: 665, Vehicles: 6, Capacity: 4
Parallel workers: 4
Numba JIT: True
Allow cross-vehicle: True
Using warm-start from provided chromosome
  W2 done: makespan=2256865.00, cross=12, t=302.6s
  W1 done: makespan=2256865.00, cross=12, t=304.9s
  W0 done: makespan=2256865.00, cross=12, t=302.5s
  W3 done: makespan=2256865.00, cross=12, t=335.6s

------------------------------------------------------------
ALNS Final: 2256865.00
Cross-vehicle: 12
Time: 335.7s
============================================================


Solution saved to: results/alns_ws/gr666/2x/gr666_alns.json
HTML Gantt chart saved to: results/alns_ws/gr666/2x/gr666_alns.html
Gantt chart saved to: results/alns_ws/gr666/2x/gr666_alns.html

======================================================================
ALNS COMPLETE
======================================================================
Warm-start makespan:  2256865.00 (Greedy Defer 5.0x)
ALNS makespan:        2256865.00
Improvement:          0.00 (0.00%)
Solve time:           335.69s
Cross-vehicle:        12
======================================================================

