
======================================================================
ALNS Solver for VRP-RPD
======================================================================

Loading instance...
  TSP: datasets/gr17/gr17.tsp
  Jobs: datasets/gr17/1R10/job_times_1.csv
  WARNING: Depot mismatch (TSP: 17, Jobs: 0). Using jobs file depot: 0

Problem:
  Customers: 16
  Agents: 3
  Capacity: 5
  Depot: 0
  Interleaving: enabled

Loading warm-start from: results/heuristics_only/gr17/1R10/job_times_1_heuristics.json
  Heuristic: Greedy Defer 5.0x
  Makespan: 5537.00

ALNS Configuration:
  Max iterations: 20000
  Max time: 300s
  No-improve limit: 500
  Destroy range: 10.0% - 30.0%
  Temperature: 100.0 (cooling: 0.999)
  Parallel workers: 4
  Cross-vehicle pickups: True

======================================================================
Running ALNS...
======================================================================

============================================================
ALNS for VRP-RPD
============================================================
Customers: 16, Vehicles: 3, Capacity: 5
Parallel workers: 4
Numba JIT: True
Allow cross-vehicle: True
Using warm-start from provided chromosome
  W1 iter 13: best=5453.00, cross=2, t=0.0s
  W1 done: makespan=5453.00, cross=2, t=2.9s
  W0 iter 4: best=5491.00, cross=5, t=0.0s
  W0 iter 12: best=5347.00, cross=5, t=0.0s
  W0 done: makespan=5347.00, cross=5, t=2.8s
  W3 iter 0: best=5488.00, cross=5, t=0.0s
  W3 iter 2: best=5450.00, cross=4, t=0.0s
  W3 done: makespan=5450.00, cross=4, t=2.3s
  W2 iter 3: best=5471.00, cross=3, t=0.0s
  W2 done: makespan=5471.00, cross=3, t=3.9s

------------------------------------------------------------
ALNS Final: 5347.00
Cross-vehicle: 5
Time: 4.0s
============================================================


Solution saved to: results/alns_ws/gr17/1R10/job_times_1_alns.json
HTML Gantt chart saved to: results/alns_ws/gr17/1R10/job_times_1_alns.html
Gantt chart saved to: results/alns_ws/gr17/1R10/job_times_1_alns.html

======================================================================
ALNS COMPLETE
======================================================================
Warm-start makespan:  5537.00 (Greedy Defer 5.0x)
ALNS makespan:        5347.00
Improvement:          190.00 (3.43%)
Solve time:           4.00s
Cross-vehicle:        5
======================================================================

