
======================================================================
ALNS Solver for VRP-RPD
======================================================================

Loading instance...
  TSP: datasets/gr202/gr202.tsp
  Jobs: datasets/gr202/1R10/job_times_1.csv
  WARNING: Depot mismatch (TSP: 202, Jobs: 0). Using jobs file depot: 0

Problem:
  Customers: 201
  Agents: 6
  Capacity: 4
  Depot: 0
  Interleaving: enabled

Loading warm-start from: results/heuristics_only/gr202/1R10/job_times_1_heuristics.json
  Heuristic: Max Regret
  Makespan: 547786.00

ALNS Configuration:
  Max iterations: 20000
  Max time: 300s
  No-improve limit: 500
  Destroy range: 10.0% - 30.0%
  Temperature: 100.0 (cooling: 0.999)
  Parallel workers: 4
  Cross-vehicle pickups: True

======================================================================
Running ALNS...
======================================================================

============================================================
ALNS for VRP-RPD
============================================================
Customers: 201, Vehicles: 6, Capacity: 4
Parallel workers: 4
Numba JIT: True
Allow cross-vehicle: True
Using warm-start from provided chromosome
  W0 done: makespan=547786.00, cross=167, t=300.0s
  W3 done: makespan=547786.00, cross=167, t=303.0s
  W2 done: makespan=547786.00, cross=167, t=302.3s
  W1 done: makespan=547786.00, cross=167, t=301.0s

------------------------------------------------------------
ALNS Final: 547786.00
Cross-vehicle: 167
Time: 303.2s
============================================================


Solution saved to: results/alns_ws/gr202/1R10/job_times_1_alns.json
HTML Gantt chart saved to: results/alns_ws/gr202/1R10/job_times_1_alns.html
Gantt chart saved to: results/alns_ws/gr202/1R10/job_times_1_alns.html

======================================================================
ALNS COMPLETE
======================================================================
Warm-start makespan:  547786.00 (Max Regret)
ALNS makespan:        547786.00
Improvement:          0.00 (0.00%)
Solve time:           303.16s
Cross-vehicle:        167
======================================================================

