
======================================================================
ALNS Solver for VRP-RPD
======================================================================

Loading instance...
  TSP: datasets/gr666/gr666.tsp
  Jobs: datasets/gr666/1R20/job_times_1.csv
  WARNING: Depot mismatch (TSP: 666, Jobs: 0). Using jobs file depot: 0

Problem:
  Customers: 665
  Agents: 6
  Capacity: 4
  Depot: 0
  Interleaving: enabled

Loading warm-start from: results/heuristics_only/gr666/1R20/job_times_1_heuristics.json
  Heuristic: Savings
  Makespan: 9905690.00

ALNS Configuration:
  Max iterations: 20000
  Max time: 300s
  No-improve limit: 500
  Destroy range: 10.0% - 30.0%
  Temperature: 100.0 (cooling: 0.999)
  Parallel workers: 4
  Cross-vehicle pickups: True

======================================================================
Running ALNS...
======================================================================

============================================================
ALNS for VRP-RPD
============================================================
Customers: 665, Vehicles: 6, Capacity: 4
Parallel workers: 4
Numba JIT: True
Allow cross-vehicle: True
Using warm-start from provided chromosome
  W3 done: makespan=9905690.00, cross=0, t=307.9s
  W2 done: makespan=9905690.00, cross=0, t=378.6s
  W0 done: makespan=9905690.00, cross=0, t=358.2s
  W1 done: makespan=9905690.00, cross=0, t=341.6s

------------------------------------------------------------
ALNS Final: 9905690.00
Cross-vehicle: 0
Time: 378.7s
============================================================


Solution saved to: results/alns_ws/gr666/1R20/job_times_1_alns.json
HTML Gantt chart saved to: results/alns_ws/gr666/1R20/job_times_1_alns.html
Gantt chart saved to: results/alns_ws/gr666/1R20/job_times_1_alns.html

======================================================================
ALNS COMPLETE
======================================================================
Warm-start makespan:  9905690.00 (Savings)
ALNS makespan:        9905690.00
Improvement:          0.00 (0.00%)
Solve time:           378.74s
Cross-vehicle:        0
======================================================================

