
======================================================================
ALNS Solver for VRP-RPD
======================================================================

Loading instance...
  TSP: datasets/gr21/gr21.tsp
  Jobs: datasets/gr21/1R10/job_times_2.csv
  WARNING: Depot mismatch (TSP: 21, Jobs: 0). Using jobs file depot: 0

Problem:
  Customers: 20
  Agents: 3
  Capacity: 5
  Depot: 0
  Interleaving: enabled

Loading warm-start from: results/heuristics_only/gr21/1R10/job_times_2_heuristics.json
  Heuristic: Greedy Defer 5.0x
  Makespan: 11099.00

ALNS Configuration:
  Max iterations: 20000
  Max time: 300s
  No-improve limit: 500
  Destroy range: 10.0% - 30.0%
  Temperature: 100.0 (cooling: 0.999)
  Parallel workers: 4
  Cross-vehicle pickups: True

======================================================================
Running ALNS...
======================================================================

============================================================
ALNS for VRP-RPD
============================================================
Customers: 20, Vehicles: 3, Capacity: 5
Parallel workers: 4
Numba JIT: True
Allow cross-vehicle: True
Using warm-start from provided chromosome
  W2 iter 1: best=11097.00, cross=3, t=0.0s
  W2 iter 2: best=10016.00, cross=3, t=0.0s
  W2 done: makespan=10016.00, cross=3, t=1.9s
  W0 iter 1: best=11065.00, cross=2, t=0.0s
  W0 iter 9: best=10903.00, cross=2, t=0.1s
  W0 done: makespan=10903.00, cross=2, t=8.8s
  W3 iter 6: best=10912.00, cross=4, t=0.0s
  W3 iter 11: best=10768.00, cross=3, t=0.1s
  W3 done: makespan=10768.00, cross=3, t=3.6s
  W1 iter 6: best=11097.00, cross=3, t=0.0s
  W1 iter 18: best=10912.00, cross=4, t=0.1s
  W1 iter 19: best=10768.00, cross=4, t=0.1s
  W1 done: makespan=10768.00, cross=4, t=3.1s

------------------------------------------------------------
ALNS Final: 10016.00
Cross-vehicle: 3
Time: 8.9s
============================================================


Solution saved to: results/alns_ws/gr21/1R10/job_times_2_alns.json
HTML Gantt chart saved to: results/alns_ws/gr21/1R10/job_times_2_alns.html
Gantt chart saved to: results/alns_ws/gr21/1R10/job_times_2_alns.html

======================================================================
ALNS COMPLETE
======================================================================
Warm-start makespan:  11099.00 (Greedy Defer 5.0x)
ALNS makespan:        10016.00
Improvement:          1083.00 (9.76%)
Solve time:           8.85s
Cross-vehicle:        3
======================================================================

