
======================================================================
ALNS Solver for VRP-RPD
======================================================================

Loading instance...
  TSP: datasets/gr21/gr21.tsp
  Jobs: datasets/gr21/1R20/job_times_2.csv
  WARNING: Depot mismatch (TSP: 21, Jobs: 0). Using jobs file depot: 0

Problem:
  Customers: 20
  Agents: 3
  Capacity: 5
  Depot: 0
  Interleaving: enabled

Loading warm-start from: results/heuristics_only/gr21/1R20/job_times_2_heuristics.json
  Heuristic: Greedy Defer 5.0x
  Makespan: 17666.00

ALNS Configuration:
  Max iterations: 20000
  Max time: 300s
  No-improve limit: 500
  Destroy range: 10.0% - 30.0%
  Temperature: 100.0 (cooling: 0.999)
  Parallel workers: 4
  Cross-vehicle pickups: True

======================================================================
Running ALNS...
======================================================================

============================================================
ALNS for VRP-RPD
============================================================
Customers: 20, Vehicles: 3, Capacity: 5
Parallel workers: 4
Numba JIT: True
Allow cross-vehicle: True
Using warm-start from provided chromosome
  W1 iter 20: best=15534.00, cross=7, t=0.1s
  W1 iter 86: best=15515.00, cross=6, t=0.5s
  W1 done: makespan=15515.00, cross=6, t=2.9s
  W2 iter 6: best=17426.00, cross=5, t=0.0s
  W2 iter 106: best=16960.00, cross=4, t=0.5s
  W2 done: makespan=16960.00, cross=4, t=3.9s
  W0 iter 3: best=14424.00, cross=5, t=0.0s
  W0 iter 298: best=14371.00, cross=6, t=1.4s
  W0 done: makespan=14371.00, cross=6, t=4.2s
  W3 iter 3: best=17426.00, cross=5, t=0.0s
  W3 done: makespan=17426.00, cross=5, t=4.0s

------------------------------------------------------------
ALNS Final: 14371.00
Cross-vehicle: 6
Time: 4.3s
============================================================


Solution saved to: results/alns_ws/gr21/1R20/job_times_2_alns.json
HTML Gantt chart saved to: results/alns_ws/gr21/1R20/job_times_2_alns.html
Gantt chart saved to: results/alns_ws/gr21/1R20/job_times_2_alns.html

======================================================================
ALNS COMPLETE
======================================================================
Warm-start makespan:  17666.00 (Greedy Defer 5.0x)
ALNS makespan:        14371.00
Improvement:          3295.00 (18.65%)
Solve time:           4.30s
Cross-vehicle:        6
======================================================================

